17:56:29 INFO  : Registering command handlers for SDK TCF services
17:56:29 INFO  : Launching XSCT server: xsct.bat -interactive D:\All\Software\ZZ-Hardware\80-Vivado\01-PROJECT\GPIO_Generate\GPIO_Generate.sdk\temp_xsdb_launch_script.tcl
17:56:31 INFO  : XSCT server has started successfully.
17:56:31 INFO  : Successfully done setting XSCT server connection channel  
17:56:31 INFO  : Successfully done setting SDK workspace  
17:56:31 INFO  : Processing command line option -hwspec D:/All/Software/ZZ-Hardware/80-Vivado/01-PROJECT/GPIO_Generate/GPIO_Generate.sdk/gpio_wrapper.hdf.
18:02:36 INFO  : Connected to target on host '127.0.0.1' and port '3121'.
18:02:38 INFO  : Jtag cable 'Digilent JTAG-HS2 2102599A2126' is selected.
18:02:38 INFO  : 'jtag frequency' command is executed.
18:02:38 INFO  : Sourcing of 'D:/All/Software/ZZ-Hardware/80-Vivado/01-PROJECT/GPIO_Generate/GPIO_Generate.sdk/gpio_wrapper_hw_platform_0/ps7_init.tcl' is done.
18:02:38 INFO  : Context for 'APU' is selected.
18:02:38 INFO  : System reset is completed.
18:02:41 INFO  : 'after 3000' command is executed.
18:02:42 INFO  : 'targets -set -filter {jtag_cable_name =~ "Digilent JTAG-HS2 2102599A2126" && level==0} -index 1' command is executed.
18:02:46 INFO  : FPGA configured successfully with bitstream "D:/All/Software/ZZ-Hardware/80-Vivado/01-PROJECT/GPIO_Generate/GPIO_Generate.sdk/gpio_wrapper_hw_platform_0/gpio_wrapper.bit"
18:02:46 INFO  : Context for 'APU' is selected.
18:02:46 INFO  : Hardware design information is loaded from 'D:/All/Software/ZZ-Hardware/80-Vivado/01-PROJECT/GPIO_Generate/GPIO_Generate.sdk/gpio_wrapper_hw_platform_0/system.hdf'.
18:02:47 INFO  : 'configparams force-mem-access 1' command is executed.
18:02:47 INFO  : Context for 'APU' is selected.
18:02:47 INFO  : 'ps7_init' command is executed.
18:02:47 INFO  : 'ps7_post_config' command is executed.
18:02:47 INFO  : Context for processor 'ps7_cortexa9_0' is selected.
18:02:47 INFO  : The application 'D:/All/Software/ZZ-Hardware/80-Vivado/01-PROJECT/GPIO_Generate/GPIO_Generate.sdk/gpio/Debug/gpio.elf' is downloaded to processor 'ps7_cortexa9_0'.
18:02:47 INFO  : 'configparams force-mem-access 0' command is executed.
18:02:47 INFO  : ----------------XSDB Script----------------
connect -url tcp:127.0.0.1:3121
source D:/All/Software/ZZ-Hardware/80-Vivado/01-PROJECT/GPIO_Generate/GPIO_Generate.sdk/gpio_wrapper_hw_platform_0/ps7_init.tcl
targets -set -nocase -filter {name =~"APU*" && jtag_cable_name =~ "Digilent JTAG-HS2 2102599A2126"} -index 0
rst -system
after 3000
targets -set -filter {jtag_cable_name =~ "Digilent JTAG-HS2 2102599A2126" && level==0} -index 1
fpga -file D:/All/Software/ZZ-Hardware/80-Vivado/01-PROJECT/GPIO_Generate/GPIO_Generate.sdk/gpio_wrapper_hw_platform_0/gpio_wrapper.bit
targets -set -nocase -filter {name =~"APU*" && jtag_cable_name =~ "Digilent JTAG-HS2 2102599A2126"} -index 0
loadhw -hw D:/All/Software/ZZ-Hardware/80-Vivado/01-PROJECT/GPIO_Generate/GPIO_Generate.sdk/gpio_wrapper_hw_platform_0/system.hdf -mem-ranges [list {0x40000000 0xbfffffff}]
configparams force-mem-access 1
targets -set -nocase -filter {name =~"APU*" && jtag_cable_name =~ "Digilent JTAG-HS2 2102599A2126"} -index 0
ps7_init
ps7_post_config
targets -set -nocase -filter {name =~ "ARM*#0" && jtag_cable_name =~ "Digilent JTAG-HS2 2102599A2126"} -index 0
dow D:/All/Software/ZZ-Hardware/80-Vivado/01-PROJECT/GPIO_Generate/GPIO_Generate.sdk/gpio/Debug/gpio.elf
configparams force-mem-access 0
----------------End of Script----------------

18:02:47 INFO  : Memory regions updated for context APU
18:02:47 INFO  : Context for processor 'ps7_cortexa9_0' is selected.
18:02:47 INFO  : 'con' command is executed.
18:02:47 INFO  : ----------------XSDB Script (After Launch)----------------
targets -set -nocase -filter {name =~ "ARM*#0" && jtag_cable_name =~ "Digilent JTAG-HS2 2102599A2126"} -index 0
con
----------------End of Script----------------

18:02:47 INFO  : Launch script is exported to file 'D:\All\Software\ZZ-Hardware\80-Vivado\01-PROJECT\GPIO_Generate\GPIO_Generate.sdk\.sdk\launch_scripts\xilinx_c-c++_application_(system_debugger)\system_debugger_on_local.tcl'
18:03:18 INFO  : Disconnected from the channel tcfchan#1.
18:03:19 INFO  : Connected to target on host '127.0.0.1' and port '3121'.
18:03:20 INFO  : Jtag cable 'Digilent JTAG-HS2 2102599A2126' is selected.
18:03:20 INFO  : 'jtag frequency' command is executed.
18:03:20 INFO  : Sourcing of 'D:/All/Software/ZZ-Hardware/80-Vivado/01-PROJECT/GPIO_Generate/GPIO_Generate.sdk/gpio_wrapper_hw_platform_0/ps7_init.tcl' is done.
18:03:20 INFO  : Context for 'APU' is selected.
18:03:20 INFO  : System reset is completed.
18:03:23 INFO  : 'after 3000' command is executed.
18:03:23 INFO  : 'targets -set -filter {jtag_cable_name =~ "Digilent JTAG-HS2 2102599A2126" && level==0} -index 1' command is executed.
18:03:26 INFO  : FPGA configured successfully with bitstream "D:/All/Software/ZZ-Hardware/80-Vivado/01-PROJECT/GPIO_Generate/GPIO_Generate.sdk/gpio_wrapper_hw_platform_0/gpio_wrapper.bit"
18:03:26 INFO  : Context for 'APU' is selected.
18:03:28 INFO  : Hardware design information is loaded from 'D:/All/Software/ZZ-Hardware/80-Vivado/01-PROJECT/GPIO_Generate/GPIO_Generate.sdk/gpio_wrapper_hw_platform_0/system.hdf'.
18:03:28 INFO  : 'configparams force-mem-access 1' command is executed.
18:03:28 INFO  : Context for 'APU' is selected.
18:03:28 INFO  : 'ps7_init' command is executed.
18:03:28 INFO  : 'ps7_post_config' command is executed.
18:03:28 INFO  : Context for processor 'ps7_cortexa9_0' is selected.
18:03:28 INFO  : The application 'D:/All/Software/ZZ-Hardware/80-Vivado/01-PROJECT/GPIO_Generate/GPIO_Generate.sdk/gpio/Debug/gpio.elf' is downloaded to processor 'ps7_cortexa9_0'.
18:03:28 INFO  : 'configparams force-mem-access 0' command is executed.
18:03:28 INFO  : ----------------XSDB Script----------------
connect -url tcp:127.0.0.1:3121
source D:/All/Software/ZZ-Hardware/80-Vivado/01-PROJECT/GPIO_Generate/GPIO_Generate.sdk/gpio_wrapper_hw_platform_0/ps7_init.tcl
targets -set -nocase -filter {name =~"APU*" && jtag_cable_name =~ "Digilent JTAG-HS2 2102599A2126"} -index 0
rst -system
after 3000
targets -set -filter {jtag_cable_name =~ "Digilent JTAG-HS2 2102599A2126" && level==0} -index 1
fpga -file D:/All/Software/ZZ-Hardware/80-Vivado/01-PROJECT/GPIO_Generate/GPIO_Generate.sdk/gpio_wrapper_hw_platform_0/gpio_wrapper.bit
targets -set -nocase -filter {name =~"APU*" && jtag_cable_name =~ "Digilent JTAG-HS2 2102599A2126"} -index 0
loadhw -hw D:/All/Software/ZZ-Hardware/80-Vivado/01-PROJECT/GPIO_Generate/GPIO_Generate.sdk/gpio_wrapper_hw_platform_0/system.hdf -mem-ranges [list {0x40000000 0xbfffffff}]
configparams force-mem-access 1
targets -set -nocase -filter {name =~"APU*" && jtag_cable_name =~ "Digilent JTAG-HS2 2102599A2126"} -index 0
ps7_init
ps7_post_config
targets -set -nocase -filter {name =~ "ARM*#0" && jtag_cable_name =~ "Digilent JTAG-HS2 2102599A2126"} -index 0
dow D:/All/Software/ZZ-Hardware/80-Vivado/01-PROJECT/GPIO_Generate/GPIO_Generate.sdk/gpio/Debug/gpio.elf
configparams force-mem-access 0
----------------End of Script----------------

18:03:28 INFO  : Memory regions updated for context APU
18:03:28 INFO  : Context for processor 'ps7_cortexa9_0' is selected.
18:03:28 INFO  : 'con' command is executed.
18:03:28 INFO  : ----------------XSDB Script (After Launch)----------------
targets -set -nocase -filter {name =~ "ARM*#0" && jtag_cable_name =~ "Digilent JTAG-HS2 2102599A2126"} -index 0
con
----------------End of Script----------------

18:03:28 INFO  : Launch script is exported to file 'D:\All\Software\ZZ-Hardware\80-Vivado\01-PROJECT\GPIO_Generate\GPIO_Generate.sdk\.sdk\launch_scripts\xilinx_c-c++_application_(system_debugger)\system_debugger_on_local.tcl'
18:07:19 INFO  : Disconnected from the channel tcfchan#2.
18:07:20 INFO  : Connected to target on host '127.0.0.1' and port '3121'.
18:07:21 INFO  : Jtag cable 'Digilent JTAG-HS2 2102599A2126' is selected.
18:07:21 INFO  : 'jtag frequency' command is executed.
18:07:21 INFO  : Sourcing of 'D:/All/Software/ZZ-Hardware/80-Vivado/01-PROJECT/GPIO_Generate/GPIO_Generate.sdk/gpio_wrapper_hw_platform_0/ps7_init.tcl' is done.
18:07:21 INFO  : Context for 'APU' is selected.
18:07:21 INFO  : System reset is completed.
18:07:24 INFO  : 'after 3000' command is executed.
18:07:24 INFO  : 'targets -set -filter {jtag_cable_name =~ "Digilent JTAG-HS2 2102599A2126" && level==0} -index 1' command is executed.
18:07:27 INFO  : FPGA configured successfully with bitstream "D:/All/Software/ZZ-Hardware/80-Vivado/01-PROJECT/GPIO_Generate/GPIO_Generate.sdk/gpio_wrapper_hw_platform_0/gpio_wrapper.bit"
18:07:27 INFO  : Context for 'APU' is selected.
18:07:29 INFO  : Hardware design information is loaded from 'D:/All/Software/ZZ-Hardware/80-Vivado/01-PROJECT/GPIO_Generate/GPIO_Generate.sdk/gpio_wrapper_hw_platform_0/system.hdf'.
18:07:29 INFO  : 'configparams force-mem-access 1' command is executed.
18:07:29 INFO  : Context for 'APU' is selected.
18:07:29 INFO  : 'ps7_init' command is executed.
18:07:29 INFO  : 'ps7_post_config' command is executed.
18:07:29 INFO  : Context for processor 'ps7_cortexa9_0' is selected.
18:07:29 INFO  : The application 'D:/All/Software/ZZ-Hardware/80-Vivado/01-PROJECT/GPIO_Generate/GPIO_Generate.sdk/gpio/Debug/gpio.elf' is downloaded to processor 'ps7_cortexa9_0'.
18:07:30 INFO  : 'configparams force-mem-access 0' command is executed.
18:07:30 INFO  : ----------------XSDB Script----------------
connect -url tcp:127.0.0.1:3121
source D:/All/Software/ZZ-Hardware/80-Vivado/01-PROJECT/GPIO_Generate/GPIO_Generate.sdk/gpio_wrapper_hw_platform_0/ps7_init.tcl
targets -set -nocase -filter {name =~"APU*" && jtag_cable_name =~ "Digilent JTAG-HS2 2102599A2126"} -index 0
rst -system
after 3000
targets -set -filter {jtag_cable_name =~ "Digilent JTAG-HS2 2102599A2126" && level==0} -index 1
fpga -file D:/All/Software/ZZ-Hardware/80-Vivado/01-PROJECT/GPIO_Generate/GPIO_Generate.sdk/gpio_wrapper_hw_platform_0/gpio_wrapper.bit
targets -set -nocase -filter {name =~"APU*" && jtag_cable_name =~ "Digilent JTAG-HS2 2102599A2126"} -index 0
loadhw -hw D:/All/Software/ZZ-Hardware/80-Vivado/01-PROJECT/GPIO_Generate/GPIO_Generate.sdk/gpio_wrapper_hw_platform_0/system.hdf -mem-ranges [list {0x40000000 0xbfffffff}]
configparams force-mem-access 1
targets -set -nocase -filter {name =~"APU*" && jtag_cable_name =~ "Digilent JTAG-HS2 2102599A2126"} -index 0
ps7_init
ps7_post_config
targets -set -nocase -filter {name =~ "ARM*#0" && jtag_cable_name =~ "Digilent JTAG-HS2 2102599A2126"} -index 0
dow D:/All/Software/ZZ-Hardware/80-Vivado/01-PROJECT/GPIO_Generate/GPIO_Generate.sdk/gpio/Debug/gpio.elf
configparams force-mem-access 0
----------------End of Script----------------

18:07:30 INFO  : Memory regions updated for context APU
18:07:30 INFO  : Context for processor 'ps7_cortexa9_0' is selected.
18:07:30 INFO  : 'con' command is executed.
18:07:30 INFO  : ----------------XSDB Script (After Launch)----------------
targets -set -nocase -filter {name =~ "ARM*#0" && jtag_cable_name =~ "Digilent JTAG-HS2 2102599A2126"} -index 0
con
----------------End of Script----------------

18:07:30 INFO  : Launch script is exported to file 'D:\All\Software\ZZ-Hardware\80-Vivado\01-PROJECT\GPIO_Generate\GPIO_Generate.sdk\.sdk\launch_scripts\xilinx_c-c++_application_(system_debugger)\system_debugger_on_local.tcl'
18:08:38 INFO  : Disconnected from the channel tcfchan#3.
18:08:39 INFO  : Connected to target on host '127.0.0.1' and port '3121'.
18:08:39 INFO  : Jtag cable 'Digilent JTAG-HS2 2102599A2126' is selected.
18:08:39 INFO  : 'jtag frequency' command is executed.
18:08:39 INFO  : Sourcing of 'D:/All/Software/ZZ-Hardware/80-Vivado/01-PROJECT/GPIO_Generate/GPIO_Generate.sdk/gpio_wrapper_hw_platform_0/ps7_init.tcl' is done.
18:08:39 INFO  : Context for 'APU' is selected.
18:08:39 INFO  : System reset is completed.
18:08:42 INFO  : 'after 3000' command is executed.
18:08:42 INFO  : 'targets -set -filter {jtag_cable_name =~ "Digilent JTAG-HS2 2102599A2126" && level==0} -index 1' command is executed.
18:08:46 INFO  : FPGA configured successfully with bitstream "D:/All/Software/ZZ-Hardware/80-Vivado/01-PROJECT/GPIO_Generate/GPIO_Generate.sdk/gpio_wrapper_hw_platform_0/gpio_wrapper.bit"
18:08:46 INFO  : Context for 'APU' is selected.
18:08:47 INFO  : Hardware design information is loaded from 'D:/All/Software/ZZ-Hardware/80-Vivado/01-PROJECT/GPIO_Generate/GPIO_Generate.sdk/gpio_wrapper_hw_platform_0/system.hdf'.
18:08:47 INFO  : 'configparams force-mem-access 1' command is executed.
18:08:47 INFO  : Context for 'APU' is selected.
18:08:47 INFO  : 'ps7_init' command is executed.
18:08:47 INFO  : 'ps7_post_config' command is executed.
18:08:47 INFO  : Context for processor 'ps7_cortexa9_0' is selected.
18:08:48 INFO  : The application 'D:/All/Software/ZZ-Hardware/80-Vivado/01-PROJECT/GPIO_Generate/GPIO_Generate.sdk/gpio/Debug/gpio.elf' is downloaded to processor 'ps7_cortexa9_0'.
18:08:48 INFO  : 'configparams force-mem-access 0' command is executed.
18:08:48 INFO  : ----------------XSDB Script----------------
connect -url tcp:127.0.0.1:3121
source D:/All/Software/ZZ-Hardware/80-Vivado/01-PROJECT/GPIO_Generate/GPIO_Generate.sdk/gpio_wrapper_hw_platform_0/ps7_init.tcl
targets -set -nocase -filter {name =~"APU*" && jtag_cable_name =~ "Digilent JTAG-HS2 2102599A2126"} -index 0
rst -system
after 3000
targets -set -filter {jtag_cable_name =~ "Digilent JTAG-HS2 2102599A2126" && level==0} -index 1
fpga -file D:/All/Software/ZZ-Hardware/80-Vivado/01-PROJECT/GPIO_Generate/GPIO_Generate.sdk/gpio_wrapper_hw_platform_0/gpio_wrapper.bit
targets -set -nocase -filter {name =~"APU*" && jtag_cable_name =~ "Digilent JTAG-HS2 2102599A2126"} -index 0
loadhw -hw D:/All/Software/ZZ-Hardware/80-Vivado/01-PROJECT/GPIO_Generate/GPIO_Generate.sdk/gpio_wrapper_hw_platform_0/system.hdf -mem-ranges [list {0x40000000 0xbfffffff}]
configparams force-mem-access 1
targets -set -nocase -filter {name =~"APU*" && jtag_cable_name =~ "Digilent JTAG-HS2 2102599A2126"} -index 0
ps7_init
ps7_post_config
targets -set -nocase -filter {name =~ "ARM*#0" && jtag_cable_name =~ "Digilent JTAG-HS2 2102599A2126"} -index 0
dow D:/All/Software/ZZ-Hardware/80-Vivado/01-PROJECT/GPIO_Generate/GPIO_Generate.sdk/gpio/Debug/gpio.elf
configparams force-mem-access 0
----------------End of Script----------------

18:08:48 INFO  : Memory regions updated for context APU
18:08:48 INFO  : Context for processor 'ps7_cortexa9_0' is selected.
18:08:48 INFO  : 'con' command is executed.
18:08:48 INFO  : ----------------XSDB Script (After Launch)----------------
targets -set -nocase -filter {name =~ "ARM*#0" && jtag_cable_name =~ "Digilent JTAG-HS2 2102599A2126"} -index 0
con
----------------End of Script----------------

18:08:48 INFO  : Launch script is exported to file 'D:\All\Software\ZZ-Hardware\80-Vivado\01-PROJECT\GPIO_Generate\GPIO_Generate.sdk\.sdk\launch_scripts\xilinx_c-c++_application_(system_debugger)\system_debugger_on_local.tcl'
18:09:45 INFO  : Disconnected from the channel tcfchan#4.
18:09:46 INFO  : Connected to target on host '127.0.0.1' and port '3121'.
18:09:47 INFO  : Jtag cable 'Digilent JTAG-HS2 2102599A2126' is selected.
18:09:47 INFO  : 'jtag frequency' command is executed.
18:09:47 INFO  : Sourcing of 'D:/All/Software/ZZ-Hardware/80-Vivado/01-PROJECT/GPIO_Generate/GPIO_Generate.sdk/gpio_wrapper_hw_platform_0/ps7_init.tcl' is done.
18:09:47 INFO  : Context for 'APU' is selected.
18:09:47 INFO  : System reset is completed.
18:09:50 INFO  : 'after 3000' command is executed.
18:09:50 INFO  : 'targets -set -filter {jtag_cable_name =~ "Digilent JTAG-HS2 2102599A2126" && level==0} -index 1' command is executed.
18:09:53 INFO  : FPGA configured successfully with bitstream "D:/All/Software/ZZ-Hardware/80-Vivado/01-PROJECT/GPIO_Generate/GPIO_Generate.sdk/gpio_wrapper_hw_platform_0/gpio_wrapper.bit"
18:09:53 INFO  : Context for 'APU' is selected.
18:09:55 INFO  : Hardware design information is loaded from 'D:/All/Software/ZZ-Hardware/80-Vivado/01-PROJECT/GPIO_Generate/GPIO_Generate.sdk/gpio_wrapper_hw_platform_0/system.hdf'.
18:09:55 INFO  : 'configparams force-mem-access 1' command is executed.
18:09:55 INFO  : Context for 'APU' is selected.
18:09:55 INFO  : 'ps7_init' command is executed.
18:09:55 INFO  : 'ps7_post_config' command is executed.
18:09:55 INFO  : Context for processor 'ps7_cortexa9_0' is selected.
18:09:55 INFO  : The application 'D:/All/Software/ZZ-Hardware/80-Vivado/01-PROJECT/GPIO_Generate/GPIO_Generate.sdk/gpio/Debug/gpio.elf' is downloaded to processor 'ps7_cortexa9_0'.
18:09:55 INFO  : 'configparams force-mem-access 0' command is executed.
18:09:55 INFO  : ----------------XSDB Script----------------
connect -url tcp:127.0.0.1:3121
source D:/All/Software/ZZ-Hardware/80-Vivado/01-PROJECT/GPIO_Generate/GPIO_Generate.sdk/gpio_wrapper_hw_platform_0/ps7_init.tcl
targets -set -nocase -filter {name =~"APU*" && jtag_cable_name =~ "Digilent JTAG-HS2 2102599A2126"} -index 0
rst -system
after 3000
targets -set -filter {jtag_cable_name =~ "Digilent JTAG-HS2 2102599A2126" && level==0} -index 1
fpga -file D:/All/Software/ZZ-Hardware/80-Vivado/01-PROJECT/GPIO_Generate/GPIO_Generate.sdk/gpio_wrapper_hw_platform_0/gpio_wrapper.bit
targets -set -nocase -filter {name =~"APU*" && jtag_cable_name =~ "Digilent JTAG-HS2 2102599A2126"} -index 0
loadhw -hw D:/All/Software/ZZ-Hardware/80-Vivado/01-PROJECT/GPIO_Generate/GPIO_Generate.sdk/gpio_wrapper_hw_platform_0/system.hdf -mem-ranges [list {0x40000000 0xbfffffff}]
configparams force-mem-access 1
targets -set -nocase -filter {name =~"APU*" && jtag_cable_name =~ "Digilent JTAG-HS2 2102599A2126"} -index 0
ps7_init
ps7_post_config
targets -set -nocase -filter {name =~ "ARM*#0" && jtag_cable_name =~ "Digilent JTAG-HS2 2102599A2126"} -index 0
dow D:/All/Software/ZZ-Hardware/80-Vivado/01-PROJECT/GPIO_Generate/GPIO_Generate.sdk/gpio/Debug/gpio.elf
configparams force-mem-access 0
----------------End of Script----------------

18:09:55 INFO  : Memory regions updated for context APU
18:09:55 INFO  : Context for processor 'ps7_cortexa9_0' is selected.
18:09:55 INFO  : 'con' command is executed.
18:09:55 INFO  : ----------------XSDB Script (After Launch)----------------
targets -set -nocase -filter {name =~ "ARM*#0" && jtag_cable_name =~ "Digilent JTAG-HS2 2102599A2126"} -index 0
con
----------------End of Script----------------

18:09:55 INFO  : Launch script is exported to file 'D:\All\Software\ZZ-Hardware\80-Vivado\01-PROJECT\GPIO_Generate\GPIO_Generate.sdk\.sdk\launch_scripts\xilinx_c-c++_application_(system_debugger)\system_debugger_on_local.tcl'
18:10:59 INFO  : Disconnected from the channel tcfchan#5.
18:11:00 INFO  : Connected to target on host '127.0.0.1' and port '3121'.
18:11:00 INFO  : Jtag cable 'Digilent JTAG-HS2 2102599A2126' is selected.
18:11:00 INFO  : 'jtag frequency' command is executed.
18:11:00 INFO  : Sourcing of 'D:/All/Software/ZZ-Hardware/80-Vivado/01-PROJECT/GPIO_Generate/GPIO_Generate.sdk/gpio_wrapper_hw_platform_0/ps7_init.tcl' is done.
18:11:00 INFO  : Context for 'APU' is selected.
18:11:01 INFO  : System reset is completed.
18:11:04 INFO  : 'after 3000' command is executed.
18:11:04 INFO  : 'targets -set -filter {jtag_cable_name =~ "Digilent JTAG-HS2 2102599A2126" && level==0} -index 1' command is executed.
18:11:06 ERROR : 'fpga -file D:/All/Software/ZZ-Hardware/80-Vivado/01-PROJECT/GPIO_Generate/GPIO_Generate.sdk/gpio_wrapper_hw_platform_0/gpio_wrapper.bit' is cancelled.
18:11:06 INFO  : Issued abort command to xsdb.
18:11:06 ERROR : Exception occured while running Program FPGA.
java.lang.RuntimeException: 'fpga -file D:/All/Software/ZZ-Hardware/80-Vivado/01-PROJECT/GPIO_Generate/GPIO_Generate.sdk/gpio_wrapper_hw_platform_0/gpio_wrapper.bit' is cancelled.
18:11:06 INFO  : ----------------XSDB Script----------------
connect -url tcp:127.0.0.1:3121
source D:/All/Software/ZZ-Hardware/80-Vivado/01-PROJECT/GPIO_Generate/GPIO_Generate.sdk/gpio_wrapper_hw_platform_0/ps7_init.tcl
targets -set -nocase -filter {name =~"APU*" && jtag_cable_name =~ "Digilent JTAG-HS2 2102599A2126"} -index 0
rst -system
after 3000
----------------End of Script----------------

18:11:12 INFO  : Connected to target on host '127.0.0.1' and port '3121'.
18:11:12 INFO  : Jtag cable 'Digilent JTAG-HS2 2102599A2126' is selected.
18:11:12 INFO  : 'jtag frequency' command is executed.
18:11:12 INFO  : Sourcing of 'D:/All/Software/ZZ-Hardware/80-Vivado/01-PROJECT/GPIO_Generate/GPIO_Generate.sdk/gpio_wrapper_hw_platform_0/ps7_init.tcl' is done.
18:11:12 INFO  : Context for 'APU' is selected.
18:11:12 INFO  : System reset is completed.
18:11:15 INFO  : 'after 3000' command is executed.
18:11:15 INFO  : 'targets -set -filter {jtag_cable_name =~ "Digilent JTAG-HS2 2102599A2126" && level==0} -index 1' command is executed.
18:11:19 INFO  : FPGA configured successfully with bitstream "D:/All/Software/ZZ-Hardware/80-Vivado/01-PROJECT/GPIO_Generate/GPIO_Generate.sdk/gpio_wrapper_hw_platform_0/gpio_wrapper.bit"
18:11:19 INFO  : Context for 'APU' is selected.
18:11:20 INFO  : Hardware design information is loaded from 'D:/All/Software/ZZ-Hardware/80-Vivado/01-PROJECT/GPIO_Generate/GPIO_Generate.sdk/gpio_wrapper_hw_platform_0/system.hdf'.
18:11:20 INFO  : 'configparams force-mem-access 1' command is executed.
18:11:20 INFO  : Context for 'APU' is selected.
18:11:21 INFO  : 'ps7_init' command is executed.
18:11:21 INFO  : 'ps7_post_config' command is executed.
18:11:21 INFO  : Context for processor 'ps7_cortexa9_0' is selected.
18:11:21 INFO  : The application 'D:/All/Software/ZZ-Hardware/80-Vivado/01-PROJECT/GPIO_Generate/GPIO_Generate.sdk/gpio/Debug/gpio.elf' is downloaded to processor 'ps7_cortexa9_0'.
18:11:21 INFO  : 'configparams force-mem-access 0' command is executed.
18:11:21 INFO  : ----------------XSDB Script----------------
connect -url tcp:127.0.0.1:3121
source D:/All/Software/ZZ-Hardware/80-Vivado/01-PROJECT/GPIO_Generate/GPIO_Generate.sdk/gpio_wrapper_hw_platform_0/ps7_init.tcl
targets -set -nocase -filter {name =~"APU*" && jtag_cable_name =~ "Digilent JTAG-HS2 2102599A2126"} -index 0
rst -system
after 3000
targets -set -filter {jtag_cable_name =~ "Digilent JTAG-HS2 2102599A2126" && level==0} -index 1
fpga -file D:/All/Software/ZZ-Hardware/80-Vivado/01-PROJECT/GPIO_Generate/GPIO_Generate.sdk/gpio_wrapper_hw_platform_0/gpio_wrapper.bit
targets -set -nocase -filter {name =~"APU*" && jtag_cable_name =~ "Digilent JTAG-HS2 2102599A2126"} -index 0
loadhw -hw D:/All/Software/ZZ-Hardware/80-Vivado/01-PROJECT/GPIO_Generate/GPIO_Generate.sdk/gpio_wrapper_hw_platform_0/system.hdf -mem-ranges [list {0x40000000 0xbfffffff}]
configparams force-mem-access 1
targets -set -nocase -filter {name =~"APU*" && jtag_cable_name =~ "Digilent JTAG-HS2 2102599A2126"} -index 0
ps7_init
ps7_post_config
targets -set -nocase -filter {name =~ "ARM*#0" && jtag_cable_name =~ "Digilent JTAG-HS2 2102599A2126"} -index 0
dow D:/All/Software/ZZ-Hardware/80-Vivado/01-PROJECT/GPIO_Generate/GPIO_Generate.sdk/gpio/Debug/gpio.elf
configparams force-mem-access 0
----------------End of Script----------------

18:11:21 INFO  : Memory regions updated for context APU
18:11:21 INFO  : Context for processor 'ps7_cortexa9_0' is selected.
18:11:21 INFO  : 'con' command is executed.
18:11:21 INFO  : ----------------XSDB Script (After Launch)----------------
targets -set -nocase -filter {name =~ "ARM*#0" && jtag_cable_name =~ "Digilent JTAG-HS2 2102599A2126"} -index 0
con
----------------End of Script----------------

18:11:21 INFO  : Launch script is exported to file 'D:\All\Software\ZZ-Hardware\80-Vivado\01-PROJECT\GPIO_Generate\GPIO_Generate.sdk\.sdk\launch_scripts\xilinx_c-c++_application_(system_debugger)\system_debugger_on_local.tcl'
18:15:43 INFO  : Disconnected from the channel tcfchan#6.
18:15:44 INFO  : Connected to target on host '127.0.0.1' and port '3121'.
18:15:44 INFO  : Jtag cable 'Digilent JTAG-HS2 2102599A2126' is selected.
18:15:44 INFO  : 'jtag frequency' command is executed.
18:15:44 INFO  : Sourcing of 'D:/All/Software/ZZ-Hardware/80-Vivado/01-PROJECT/GPIO_Generate/GPIO_Generate.sdk/gpio_wrapper_hw_platform_0/ps7_init.tcl' is done.
18:15:44 INFO  : Context for 'APU' is selected.
18:15:44 INFO  : System reset is completed.
18:15:47 INFO  : 'after 3000' command is executed.
18:15:47 INFO  : 'targets -set -filter {jtag_cable_name =~ "Digilent JTAG-HS2 2102599A2126" && level==0} -index 1' command is executed.
18:15:51 INFO  : FPGA configured successfully with bitstream "D:/All/Software/ZZ-Hardware/80-Vivado/01-PROJECT/GPIO_Generate/GPIO_Generate.sdk/gpio_wrapper_hw_platform_0/gpio_wrapper.bit"
18:15:51 INFO  : Context for 'APU' is selected.
18:15:52 INFO  : Hardware design information is loaded from 'D:/All/Software/ZZ-Hardware/80-Vivado/01-PROJECT/GPIO_Generate/GPIO_Generate.sdk/gpio_wrapper_hw_platform_0/system.hdf'.
18:15:52 INFO  : 'configparams force-mem-access 1' command is executed.
18:15:52 INFO  : Context for 'APU' is selected.
18:15:52 INFO  : 'ps7_init' command is executed.
18:15:52 INFO  : 'ps7_post_config' command is executed.
18:15:52 INFO  : Context for processor 'ps7_cortexa9_0' is selected.
18:15:53 INFO  : The application 'D:/All/Software/ZZ-Hardware/80-Vivado/01-PROJECT/GPIO_Generate/GPIO_Generate.sdk/gpio/Debug/gpio.elf' is downloaded to processor 'ps7_cortexa9_0'.
18:15:53 INFO  : 'configparams force-mem-access 0' command is executed.
18:15:53 INFO  : ----------------XSDB Script----------------
connect -url tcp:127.0.0.1:3121
source D:/All/Software/ZZ-Hardware/80-Vivado/01-PROJECT/GPIO_Generate/GPIO_Generate.sdk/gpio_wrapper_hw_platform_0/ps7_init.tcl
targets -set -nocase -filter {name =~"APU*" && jtag_cable_name =~ "Digilent JTAG-HS2 2102599A2126"} -index 0
rst -system
after 3000
targets -set -filter {jtag_cable_name =~ "Digilent JTAG-HS2 2102599A2126" && level==0} -index 1
fpga -file D:/All/Software/ZZ-Hardware/80-Vivado/01-PROJECT/GPIO_Generate/GPIO_Generate.sdk/gpio_wrapper_hw_platform_0/gpio_wrapper.bit
targets -set -nocase -filter {name =~"APU*" && jtag_cable_name =~ "Digilent JTAG-HS2 2102599A2126"} -index 0
loadhw -hw D:/All/Software/ZZ-Hardware/80-Vivado/01-PROJECT/GPIO_Generate/GPIO_Generate.sdk/gpio_wrapper_hw_platform_0/system.hdf -mem-ranges [list {0x40000000 0xbfffffff}]
configparams force-mem-access 1
targets -set -nocase -filter {name =~"APU*" && jtag_cable_name =~ "Digilent JTAG-HS2 2102599A2126"} -index 0
ps7_init
ps7_post_config
targets -set -nocase -filter {name =~ "ARM*#0" && jtag_cable_name =~ "Digilent JTAG-HS2 2102599A2126"} -index 0
dow D:/All/Software/ZZ-Hardware/80-Vivado/01-PROJECT/GPIO_Generate/GPIO_Generate.sdk/gpio/Debug/gpio.elf
configparams force-mem-access 0
----------------End of Script----------------

18:15:53 INFO  : Memory regions updated for context APU
18:15:53 INFO  : Context for processor 'ps7_cortexa9_0' is selected.
18:15:53 INFO  : 'con' command is executed.
18:15:53 INFO  : ----------------XSDB Script (After Launch)----------------
targets -set -nocase -filter {name =~ "ARM*#0" && jtag_cable_name =~ "Digilent JTAG-HS2 2102599A2126"} -index 0
con
----------------End of Script----------------

18:15:53 INFO  : Launch script is exported to file 'D:\All\Software\ZZ-Hardware\80-Vivado\01-PROJECT\GPIO_Generate\GPIO_Generate.sdk\.sdk\launch_scripts\xilinx_c-c++_application_(system_debugger)\system_debugger_on_local.tcl'
18:23:52 INFO  : Disconnected from the channel tcfchan#7.
18:23:53 INFO  : Connected to target on host '127.0.0.1' and port '3121'.
18:23:53 INFO  : Jtag cable 'Digilent JTAG-HS2 2102599A2126' is selected.
18:23:53 INFO  : 'jtag frequency' command is executed.
18:23:53 INFO  : Sourcing of 'D:/All/Software/ZZ-Hardware/80-Vivado/01-PROJECT/GPIO_Generate/GPIO_Generate.sdk/gpio_wrapper_hw_platform_0/ps7_init.tcl' is done.
18:23:53 INFO  : Context for 'APU' is selected.
18:23:53 INFO  : System reset is completed.
18:23:56 INFO  : 'after 3000' command is executed.
18:23:56 INFO  : 'targets -set -filter {jtag_cable_name =~ "Digilent JTAG-HS2 2102599A2126" && level==0} -index 1' command is executed.
18:24:00 INFO  : FPGA configured successfully with bitstream "D:/All/Software/ZZ-Hardware/80-Vivado/01-PROJECT/GPIO_Generate/GPIO_Generate.sdk/gpio_wrapper_hw_platform_0/gpio_wrapper.bit"
18:24:00 INFO  : Context for 'APU' is selected.
18:24:01 INFO  : Hardware design information is loaded from 'D:/All/Software/ZZ-Hardware/80-Vivado/01-PROJECT/GPIO_Generate/GPIO_Generate.sdk/gpio_wrapper_hw_platform_0/system.hdf'.
18:24:01 INFO  : 'configparams force-mem-access 1' command is executed.
18:24:01 INFO  : Context for 'APU' is selected.
18:24:01 INFO  : 'ps7_init' command is executed.
18:24:01 INFO  : 'ps7_post_config' command is executed.
18:24:01 INFO  : Context for processor 'ps7_cortexa9_0' is selected.
18:24:02 INFO  : The application 'D:/All/Software/ZZ-Hardware/80-Vivado/01-PROJECT/GPIO_Generate/GPIO_Generate.sdk/gpio/Debug/gpio.elf' is downloaded to processor 'ps7_cortexa9_0'.
18:24:02 INFO  : 'configparams force-mem-access 0' command is executed.
18:24:02 INFO  : ----------------XSDB Script----------------
connect -url tcp:127.0.0.1:3121
source D:/All/Software/ZZ-Hardware/80-Vivado/01-PROJECT/GPIO_Generate/GPIO_Generate.sdk/gpio_wrapper_hw_platform_0/ps7_init.tcl
targets -set -nocase -filter {name =~"APU*" && jtag_cable_name =~ "Digilent JTAG-HS2 2102599A2126"} -index 0
rst -system
after 3000
targets -set -filter {jtag_cable_name =~ "Digilent JTAG-HS2 2102599A2126" && level==0} -index 1
fpga -file D:/All/Software/ZZ-Hardware/80-Vivado/01-PROJECT/GPIO_Generate/GPIO_Generate.sdk/gpio_wrapper_hw_platform_0/gpio_wrapper.bit
targets -set -nocase -filter {name =~"APU*" && jtag_cable_name =~ "Digilent JTAG-HS2 2102599A2126"} -index 0
loadhw -hw D:/All/Software/ZZ-Hardware/80-Vivado/01-PROJECT/GPIO_Generate/GPIO_Generate.sdk/gpio_wrapper_hw_platform_0/system.hdf -mem-ranges [list {0x40000000 0xbfffffff}]
configparams force-mem-access 1
targets -set -nocase -filter {name =~"APU*" && jtag_cable_name =~ "Digilent JTAG-HS2 2102599A2126"} -index 0
ps7_init
ps7_post_config
targets -set -nocase -filter {name =~ "ARM*#0" && jtag_cable_name =~ "Digilent JTAG-HS2 2102599A2126"} -index 0
dow D:/All/Software/ZZ-Hardware/80-Vivado/01-PROJECT/GPIO_Generate/GPIO_Generate.sdk/gpio/Debug/gpio.elf
configparams force-mem-access 0
----------------End of Script----------------

18:24:02 INFO  : Memory regions updated for context APU
18:24:02 INFO  : Context for processor 'ps7_cortexa9_0' is selected.
18:24:02 INFO  : 'con' command is executed.
18:24:02 INFO  : ----------------XSDB Script (After Launch)----------------
targets -set -nocase -filter {name =~ "ARM*#0" && jtag_cable_name =~ "Digilent JTAG-HS2 2102599A2126"} -index 0
con
----------------End of Script----------------

18:24:02 INFO  : Launch script is exported to file 'D:\All\Software\ZZ-Hardware\80-Vivado\01-PROJECT\GPIO_Generate\GPIO_Generate.sdk\.sdk\launch_scripts\xilinx_c-c++_application_(system_debugger)\system_debugger_on_local.tcl'
18:31:17 INFO  : Disconnected from the channel tcfchan#8.
18:31:18 INFO  : Connected to target on host '127.0.0.1' and port '3121'.
18:31:18 INFO  : Jtag cable 'Digilent JTAG-HS2 2102599A2126' is selected.
18:31:18 INFO  : 'jtag frequency' command is executed.
18:31:18 INFO  : Sourcing of 'D:/All/Software/ZZ-Hardware/80-Vivado/01-PROJECT/GPIO_Generate/GPIO_Generate.sdk/gpio_wrapper_hw_platform_0/ps7_init.tcl' is done.
18:31:18 INFO  : Context for 'APU' is selected.
18:31:18 INFO  : System reset is completed.
18:31:21 INFO  : 'after 3000' command is executed.
18:31:21 INFO  : 'targets -set -filter {jtag_cable_name =~ "Digilent JTAG-HS2 2102599A2126" && level==0} -index 1' command is executed.
18:31:25 INFO  : FPGA configured successfully with bitstream "D:/All/Software/ZZ-Hardware/80-Vivado/01-PROJECT/GPIO_Generate/GPIO_Generate.sdk/gpio_wrapper_hw_platform_0/gpio_wrapper.bit"
18:31:25 INFO  : Context for 'APU' is selected.
18:31:26 INFO  : Hardware design information is loaded from 'D:/All/Software/ZZ-Hardware/80-Vivado/01-PROJECT/GPIO_Generate/GPIO_Generate.sdk/gpio_wrapper_hw_platform_0/system.hdf'.
18:31:26 INFO  : 'configparams force-mem-access 1' command is executed.
18:31:26 INFO  : Context for 'APU' is selected.
18:31:26 INFO  : 'ps7_init' command is executed.
18:31:26 INFO  : 'ps7_post_config' command is executed.
18:31:27 INFO  : Context for processor 'ps7_cortexa9_0' is selected.
18:31:27 INFO  : The application 'D:/All/Software/ZZ-Hardware/80-Vivado/01-PROJECT/GPIO_Generate/GPIO_Generate.sdk/gpio/Debug/gpio.elf' is downloaded to processor 'ps7_cortexa9_0'.
18:31:27 INFO  : 'configparams force-mem-access 0' command is executed.
18:31:27 INFO  : ----------------XSDB Script----------------
connect -url tcp:127.0.0.1:3121
source D:/All/Software/ZZ-Hardware/80-Vivado/01-PROJECT/GPIO_Generate/GPIO_Generate.sdk/gpio_wrapper_hw_platform_0/ps7_init.tcl
targets -set -nocase -filter {name =~"APU*" && jtag_cable_name =~ "Digilent JTAG-HS2 2102599A2126"} -index 0
rst -system
after 3000
targets -set -filter {jtag_cable_name =~ "Digilent JTAG-HS2 2102599A2126" && level==0} -index 1
fpga -file D:/All/Software/ZZ-Hardware/80-Vivado/01-PROJECT/GPIO_Generate/GPIO_Generate.sdk/gpio_wrapper_hw_platform_0/gpio_wrapper.bit
targets -set -nocase -filter {name =~"APU*" && jtag_cable_name =~ "Digilent JTAG-HS2 2102599A2126"} -index 0
loadhw -hw D:/All/Software/ZZ-Hardware/80-Vivado/01-PROJECT/GPIO_Generate/GPIO_Generate.sdk/gpio_wrapper_hw_platform_0/system.hdf -mem-ranges [list {0x40000000 0xbfffffff}]
configparams force-mem-access 1
targets -set -nocase -filter {name =~"APU*" && jtag_cable_name =~ "Digilent JTAG-HS2 2102599A2126"} -index 0
ps7_init
ps7_post_config
targets -set -nocase -filter {name =~ "ARM*#0" && jtag_cable_name =~ "Digilent JTAG-HS2 2102599A2126"} -index 0
dow D:/All/Software/ZZ-Hardware/80-Vivado/01-PROJECT/GPIO_Generate/GPIO_Generate.sdk/gpio/Debug/gpio.elf
configparams force-mem-access 0
----------------End of Script----------------

18:31:27 INFO  : Memory regions updated for context APU
18:31:27 INFO  : Context for processor 'ps7_cortexa9_0' is selected.
18:31:27 INFO  : 'con' command is executed.
18:31:27 INFO  : ----------------XSDB Script (After Launch)----------------
targets -set -nocase -filter {name =~ "ARM*#0" && jtag_cable_name =~ "Digilent JTAG-HS2 2102599A2126"} -index 0
con
----------------End of Script----------------

18:31:27 INFO  : Launch script is exported to file 'D:\All\Software\ZZ-Hardware\80-Vivado\01-PROJECT\GPIO_Generate\GPIO_Generate.sdk\.sdk\launch_scripts\xilinx_c-c++_application_(system_debugger)\system_debugger_on_local.tcl'
18:36:27 INFO  : Disconnected from the channel tcfchan#9.
18:36:28 INFO  : Connected to target on host '127.0.0.1' and port '3121'.
18:36:28 INFO  : Jtag cable 'Digilent JTAG-HS2 2102599A2126' is selected.
18:36:28 INFO  : 'jtag frequency' command is executed.
18:36:28 INFO  : Sourcing of 'D:/All/Software/ZZ-Hardware/80-Vivado/01-PROJECT/GPIO_Generate/GPIO_Generate.sdk/gpio_wrapper_hw_platform_0/ps7_init.tcl' is done.
18:36:28 INFO  : Context for 'APU' is selected.
18:36:28 INFO  : System reset is completed.
18:36:31 INFO  : 'after 3000' command is executed.
18:36:31 INFO  : 'targets -set -filter {jtag_cable_name =~ "Digilent JTAG-HS2 2102599A2126" && level==0} -index 1' command is executed.
18:36:35 INFO  : FPGA configured successfully with bitstream "D:/All/Software/ZZ-Hardware/80-Vivado/01-PROJECT/GPIO_Generate/GPIO_Generate.sdk/gpio_wrapper_hw_platform_0/gpio_wrapper.bit"
18:36:35 INFO  : Context for 'APU' is selected.
18:36:36 INFO  : Hardware design information is loaded from 'D:/All/Software/ZZ-Hardware/80-Vivado/01-PROJECT/GPIO_Generate/GPIO_Generate.sdk/gpio_wrapper_hw_platform_0/system.hdf'.
18:36:36 INFO  : 'configparams force-mem-access 1' command is executed.
18:36:36 INFO  : Context for 'APU' is selected.
18:36:36 INFO  : 'ps7_init' command is executed.
18:36:36 INFO  : 'ps7_post_config' command is executed.
18:36:36 INFO  : Context for processor 'ps7_cortexa9_0' is selected.
18:36:37 INFO  : The application 'D:/All/Software/ZZ-Hardware/80-Vivado/01-PROJECT/GPIO_Generate/GPIO_Generate.sdk/gpio/Debug/gpio.elf' is downloaded to processor 'ps7_cortexa9_0'.
18:36:37 INFO  : 'configparams force-mem-access 0' command is executed.
18:36:37 INFO  : ----------------XSDB Script----------------
connect -url tcp:127.0.0.1:3121
source D:/All/Software/ZZ-Hardware/80-Vivado/01-PROJECT/GPIO_Generate/GPIO_Generate.sdk/gpio_wrapper_hw_platform_0/ps7_init.tcl
targets -set -nocase -filter {name =~"APU*" && jtag_cable_name =~ "Digilent JTAG-HS2 2102599A2126"} -index 0
rst -system
after 3000
targets -set -filter {jtag_cable_name =~ "Digilent JTAG-HS2 2102599A2126" && level==0} -index 1
fpga -file D:/All/Software/ZZ-Hardware/80-Vivado/01-PROJECT/GPIO_Generate/GPIO_Generate.sdk/gpio_wrapper_hw_platform_0/gpio_wrapper.bit
targets -set -nocase -filter {name =~"APU*" && jtag_cable_name =~ "Digilent JTAG-HS2 2102599A2126"} -index 0
loadhw -hw D:/All/Software/ZZ-Hardware/80-Vivado/01-PROJECT/GPIO_Generate/GPIO_Generate.sdk/gpio_wrapper_hw_platform_0/system.hdf -mem-ranges [list {0x40000000 0xbfffffff}]
configparams force-mem-access 1
targets -set -nocase -filter {name =~"APU*" && jtag_cable_name =~ "Digilent JTAG-HS2 2102599A2126"} -index 0
ps7_init
ps7_post_config
targets -set -nocase -filter {name =~ "ARM*#0" && jtag_cable_name =~ "Digilent JTAG-HS2 2102599A2126"} -index 0
dow D:/All/Software/ZZ-Hardware/80-Vivado/01-PROJECT/GPIO_Generate/GPIO_Generate.sdk/gpio/Debug/gpio.elf
configparams force-mem-access 0
----------------End of Script----------------

18:36:37 INFO  : Memory regions updated for context APU
18:36:37 INFO  : Context for processor 'ps7_cortexa9_0' is selected.
18:36:37 INFO  : 'con' command is executed.
18:36:37 INFO  : ----------------XSDB Script (After Launch)----------------
targets -set -nocase -filter {name =~ "ARM*#0" && jtag_cable_name =~ "Digilent JTAG-HS2 2102599A2126"} -index 0
con
----------------End of Script----------------

18:36:37 INFO  : Launch script is exported to file 'D:\All\Software\ZZ-Hardware\80-Vivado\01-PROJECT\GPIO_Generate\GPIO_Generate.sdk\.sdk\launch_scripts\xilinx_c-c++_application_(system_debugger)\system_debugger_on_local.tcl'
18:39:27 INFO  : Disconnected from the channel tcfchan#10.
18:39:28 INFO  : Connected to target on host '127.0.0.1' and port '3121'.
18:39:28 INFO  : Jtag cable 'Digilent JTAG-HS2 2102599A2126' is selected.
18:39:28 INFO  : 'jtag frequency' command is executed.
18:39:28 INFO  : Sourcing of 'D:/All/Software/ZZ-Hardware/80-Vivado/01-PROJECT/GPIO_Generate/GPIO_Generate.sdk/gpio_wrapper_hw_platform_0/ps7_init.tcl' is done.
18:39:28 INFO  : Context for 'APU' is selected.
18:39:29 INFO  : System reset is completed.
18:39:32 INFO  : 'after 3000' command is executed.
18:39:32 INFO  : 'targets -set -filter {jtag_cable_name =~ "Digilent JTAG-HS2 2102599A2126" && level==0} -index 1' command is executed.
18:39:35 INFO  : FPGA configured successfully with bitstream "D:/All/Software/ZZ-Hardware/80-Vivado/01-PROJECT/GPIO_Generate/GPIO_Generate.sdk/gpio_wrapper_hw_platform_0/gpio_wrapper.bit"
18:39:35 INFO  : Context for 'APU' is selected.
18:39:37 INFO  : Hardware design information is loaded from 'D:/All/Software/ZZ-Hardware/80-Vivado/01-PROJECT/GPIO_Generate/GPIO_Generate.sdk/gpio_wrapper_hw_platform_0/system.hdf'.
18:39:37 INFO  : 'configparams force-mem-access 1' command is executed.
18:39:37 INFO  : Context for 'APU' is selected.
18:39:37 INFO  : 'ps7_init' command is executed.
18:39:37 INFO  : 'ps7_post_config' command is executed.
18:39:37 INFO  : Context for processor 'ps7_cortexa9_0' is selected.
18:39:37 INFO  : The application 'D:/All/Software/ZZ-Hardware/80-Vivado/01-PROJECT/GPIO_Generate/GPIO_Generate.sdk/gpio/Debug/gpio.elf' is downloaded to processor 'ps7_cortexa9_0'.
18:39:37 INFO  : 'configparams force-mem-access 0' command is executed.
18:39:37 INFO  : ----------------XSDB Script----------------
connect -url tcp:127.0.0.1:3121
source D:/All/Software/ZZ-Hardware/80-Vivado/01-PROJECT/GPIO_Generate/GPIO_Generate.sdk/gpio_wrapper_hw_platform_0/ps7_init.tcl
targets -set -nocase -filter {name =~"APU*" && jtag_cable_name =~ "Digilent JTAG-HS2 2102599A2126"} -index 0
rst -system
after 3000
targets -set -filter {jtag_cable_name =~ "Digilent JTAG-HS2 2102599A2126" && level==0} -index 1
fpga -file D:/All/Software/ZZ-Hardware/80-Vivado/01-PROJECT/GPIO_Generate/GPIO_Generate.sdk/gpio_wrapper_hw_platform_0/gpio_wrapper.bit
targets -set -nocase -filter {name =~"APU*" && jtag_cable_name =~ "Digilent JTAG-HS2 2102599A2126"} -index 0
loadhw -hw D:/All/Software/ZZ-Hardware/80-Vivado/01-PROJECT/GPIO_Generate/GPIO_Generate.sdk/gpio_wrapper_hw_platform_0/system.hdf -mem-ranges [list {0x40000000 0xbfffffff}]
configparams force-mem-access 1
targets -set -nocase -filter {name =~"APU*" && jtag_cable_name =~ "Digilent JTAG-HS2 2102599A2126"} -index 0
ps7_init
ps7_post_config
targets -set -nocase -filter {name =~ "ARM*#0" && jtag_cable_name =~ "Digilent JTAG-HS2 2102599A2126"} -index 0
dow D:/All/Software/ZZ-Hardware/80-Vivado/01-PROJECT/GPIO_Generate/GPIO_Generate.sdk/gpio/Debug/gpio.elf
configparams force-mem-access 0
----------------End of Script----------------

18:39:37 INFO  : Memory regions updated for context APU
18:39:37 INFO  : Context for processor 'ps7_cortexa9_0' is selected.
18:39:37 INFO  : 'con' command is executed.
18:39:37 INFO  : ----------------XSDB Script (After Launch)----------------
targets -set -nocase -filter {name =~ "ARM*#0" && jtag_cable_name =~ "Digilent JTAG-HS2 2102599A2126"} -index 0
con
----------------End of Script----------------

18:39:37 INFO  : Launch script is exported to file 'D:\All\Software\ZZ-Hardware\80-Vivado\01-PROJECT\GPIO_Generate\GPIO_Generate.sdk\.sdk\launch_scripts\xilinx_c-c++_application_(system_debugger)\system_debugger_on_local.tcl'
18:40:41 INFO  : Disconnected from the channel tcfchan#11.
18:40:42 INFO  : Connected to target on host '127.0.0.1' and port '3121'.
18:40:42 INFO  : Jtag cable 'Digilent JTAG-HS2 2102599A2126' is selected.
18:40:42 INFO  : 'jtag frequency' command is executed.
18:40:42 INFO  : Sourcing of 'D:/All/Software/ZZ-Hardware/80-Vivado/01-PROJECT/GPIO_Generate/GPIO_Generate.sdk/gpio_wrapper_hw_platform_0/ps7_init.tcl' is done.
18:40:42 INFO  : Context for 'APU' is selected.
18:40:42 INFO  : System reset is completed.
18:40:45 INFO  : 'after 3000' command is executed.
18:40:45 INFO  : 'targets -set -filter {jtag_cable_name =~ "Digilent JTAG-HS2 2102599A2126" && level==0} -index 1' command is executed.
18:40:49 INFO  : FPGA configured successfully with bitstream "D:/All/Software/ZZ-Hardware/80-Vivado/01-PROJECT/GPIO_Generate/GPIO_Generate.sdk/gpio_wrapper_hw_platform_0/gpio_wrapper.bit"
18:40:49 INFO  : Context for 'APU' is selected.
18:40:50 INFO  : Hardware design information is loaded from 'D:/All/Software/ZZ-Hardware/80-Vivado/01-PROJECT/GPIO_Generate/GPIO_Generate.sdk/gpio_wrapper_hw_platform_0/system.hdf'.
18:40:50 INFO  : 'configparams force-mem-access 1' command is executed.
18:40:50 INFO  : Context for 'APU' is selected.
18:40:51 INFO  : 'ps7_init' command is executed.
18:40:51 INFO  : 'ps7_post_config' command is executed.
18:40:51 INFO  : Context for processor 'ps7_cortexa9_0' is selected.
18:40:51 INFO  : The application 'D:/All/Software/ZZ-Hardware/80-Vivado/01-PROJECT/GPIO_Generate/GPIO_Generate.sdk/gpio/Debug/gpio.elf' is downloaded to processor 'ps7_cortexa9_0'.
18:40:51 INFO  : 'configparams force-mem-access 0' command is executed.
18:40:51 INFO  : ----------------XSDB Script----------------
connect -url tcp:127.0.0.1:3121
source D:/All/Software/ZZ-Hardware/80-Vivado/01-PROJECT/GPIO_Generate/GPIO_Generate.sdk/gpio_wrapper_hw_platform_0/ps7_init.tcl
targets -set -nocase -filter {name =~"APU*" && jtag_cable_name =~ "Digilent JTAG-HS2 2102599A2126"} -index 0
rst -system
after 3000
targets -set -filter {jtag_cable_name =~ "Digilent JTAG-HS2 2102599A2126" && level==0} -index 1
fpga -file D:/All/Software/ZZ-Hardware/80-Vivado/01-PROJECT/GPIO_Generate/GPIO_Generate.sdk/gpio_wrapper_hw_platform_0/gpio_wrapper.bit
targets -set -nocase -filter {name =~"APU*" && jtag_cable_name =~ "Digilent JTAG-HS2 2102599A2126"} -index 0
loadhw -hw D:/All/Software/ZZ-Hardware/80-Vivado/01-PROJECT/GPIO_Generate/GPIO_Generate.sdk/gpio_wrapper_hw_platform_0/system.hdf -mem-ranges [list {0x40000000 0xbfffffff}]
configparams force-mem-access 1
targets -set -nocase -filter {name =~"APU*" && jtag_cable_name =~ "Digilent JTAG-HS2 2102599A2126"} -index 0
ps7_init
ps7_post_config
targets -set -nocase -filter {name =~ "ARM*#0" && jtag_cable_name =~ "Digilent JTAG-HS2 2102599A2126"} -index 0
dow D:/All/Software/ZZ-Hardware/80-Vivado/01-PROJECT/GPIO_Generate/GPIO_Generate.sdk/gpio/Debug/gpio.elf
configparams force-mem-access 0
----------------End of Script----------------

18:40:51 INFO  : Memory regions updated for context APU
18:40:51 INFO  : Context for processor 'ps7_cortexa9_0' is selected.
18:40:51 INFO  : 'con' command is executed.
18:40:51 INFO  : ----------------XSDB Script (After Launch)----------------
targets -set -nocase -filter {name =~ "ARM*#0" && jtag_cable_name =~ "Digilent JTAG-HS2 2102599A2126"} -index 0
con
----------------End of Script----------------

18:40:51 INFO  : Launch script is exported to file 'D:\All\Software\ZZ-Hardware\80-Vivado\01-PROJECT\GPIO_Generate\GPIO_Generate.sdk\.sdk\launch_scripts\xilinx_c-c++_application_(system_debugger)\system_debugger_on_local.tcl'
18:45:08 INFO  : Disconnected from the channel tcfchan#12.
18:45:09 INFO  : Connected to target on host '127.0.0.1' and port '3121'.
18:45:09 INFO  : Jtag cable 'Digilent JTAG-HS2 2102599A2126' is selected.
18:45:09 INFO  : 'jtag frequency' command is executed.
18:45:09 INFO  : Sourcing of 'D:/All/Software/ZZ-Hardware/80-Vivado/01-PROJECT/GPIO_Generate/GPIO_Generate.sdk/gpio_wrapper_hw_platform_0/ps7_init.tcl' is done.
18:45:09 INFO  : Context for 'APU' is selected.
18:45:09 INFO  : System reset is completed.
18:45:12 INFO  : 'after 3000' command is executed.
18:45:12 INFO  : 'targets -set -filter {jtag_cable_name =~ "Digilent JTAG-HS2 2102599A2126" && level==0} -index 1' command is executed.
18:45:16 INFO  : FPGA configured successfully with bitstream "D:/All/Software/ZZ-Hardware/80-Vivado/01-PROJECT/GPIO_Generate/GPIO_Generate.sdk/gpio_wrapper_hw_platform_0/gpio_wrapper.bit"
18:45:16 INFO  : Context for 'APU' is selected.
18:45:17 INFO  : Hardware design information is loaded from 'D:/All/Software/ZZ-Hardware/80-Vivado/01-PROJECT/GPIO_Generate/GPIO_Generate.sdk/gpio_wrapper_hw_platform_0/system.hdf'.
18:45:17 INFO  : 'configparams force-mem-access 1' command is executed.
18:45:17 INFO  : Context for 'APU' is selected.
18:45:17 INFO  : 'ps7_init' command is executed.
18:45:18 INFO  : 'ps7_post_config' command is executed.
18:45:18 INFO  : Context for processor 'ps7_cortexa9_0' is selected.
18:45:18 INFO  : The application 'D:/All/Software/ZZ-Hardware/80-Vivado/01-PROJECT/GPIO_Generate/GPIO_Generate.sdk/gpio/Debug/gpio.elf' is downloaded to processor 'ps7_cortexa9_0'.
18:45:18 INFO  : 'configparams force-mem-access 0' command is executed.
18:45:18 INFO  : ----------------XSDB Script----------------
connect -url tcp:127.0.0.1:3121
source D:/All/Software/ZZ-Hardware/80-Vivado/01-PROJECT/GPIO_Generate/GPIO_Generate.sdk/gpio_wrapper_hw_platform_0/ps7_init.tcl
targets -set -nocase -filter {name =~"APU*" && jtag_cable_name =~ "Digilent JTAG-HS2 2102599A2126"} -index 0
rst -system
after 3000
targets -set -filter {jtag_cable_name =~ "Digilent JTAG-HS2 2102599A2126" && level==0} -index 1
fpga -file D:/All/Software/ZZ-Hardware/80-Vivado/01-PROJECT/GPIO_Generate/GPIO_Generate.sdk/gpio_wrapper_hw_platform_0/gpio_wrapper.bit
targets -set -nocase -filter {name =~"APU*" && jtag_cable_name =~ "Digilent JTAG-HS2 2102599A2126"} -index 0
loadhw -hw D:/All/Software/ZZ-Hardware/80-Vivado/01-PROJECT/GPIO_Generate/GPIO_Generate.sdk/gpio_wrapper_hw_platform_0/system.hdf -mem-ranges [list {0x40000000 0xbfffffff}]
configparams force-mem-access 1
targets -set -nocase -filter {name =~"APU*" && jtag_cable_name =~ "Digilent JTAG-HS2 2102599A2126"} -index 0
ps7_init
ps7_post_config
targets -set -nocase -filter {name =~ "ARM*#0" && jtag_cable_name =~ "Digilent JTAG-HS2 2102599A2126"} -index 0
dow D:/All/Software/ZZ-Hardware/80-Vivado/01-PROJECT/GPIO_Generate/GPIO_Generate.sdk/gpio/Debug/gpio.elf
configparams force-mem-access 0
----------------End of Script----------------

18:45:18 INFO  : Memory regions updated for context APU
18:45:18 INFO  : Context for processor 'ps7_cortexa9_0' is selected.
18:45:18 INFO  : 'con' command is executed.
18:45:18 INFO  : ----------------XSDB Script (After Launch)----------------
targets -set -nocase -filter {name =~ "ARM*#0" && jtag_cable_name =~ "Digilent JTAG-HS2 2102599A2126"} -index 0
con
----------------End of Script----------------

18:45:18 INFO  : Launch script is exported to file 'D:\All\Software\ZZ-Hardware\80-Vivado\01-PROJECT\GPIO_Generate\GPIO_Generate.sdk\.sdk\launch_scripts\xilinx_c-c++_application_(system_debugger)\system_debugger_on_local.tcl'
18:45:37 INFO  : Disconnected from the channel tcfchan#13.
18:45:38 INFO  : Connected to target on host '127.0.0.1' and port '3121'.
18:45:39 INFO  : Jtag cable 'Digilent JTAG-HS2 2102599A2126' is selected.
18:45:39 INFO  : 'jtag frequency' command is executed.
18:45:39 INFO  : Sourcing of 'D:/All/Software/ZZ-Hardware/80-Vivado/01-PROJECT/GPIO_Generate/GPIO_Generate.sdk/gpio_wrapper_hw_platform_0/ps7_init.tcl' is done.
18:45:39 INFO  : Context for 'APU' is selected.
18:45:39 INFO  : System reset is completed.
18:45:42 INFO  : 'after 3000' command is executed.
18:45:42 INFO  : 'targets -set -filter {jtag_cable_name =~ "Digilent JTAG-HS2 2102599A2126" && level==0} -index 1' command is executed.
18:45:46 INFO  : FPGA configured successfully with bitstream "D:/All/Software/ZZ-Hardware/80-Vivado/01-PROJECT/GPIO_Generate/GPIO_Generate.sdk/gpio_wrapper_hw_platform_0/gpio_wrapper.bit"
18:45:46 INFO  : Context for 'APU' is selected.
18:45:47 INFO  : Hardware design information is loaded from 'D:/All/Software/ZZ-Hardware/80-Vivado/01-PROJECT/GPIO_Generate/GPIO_Generate.sdk/gpio_wrapper_hw_platform_0/system.hdf'.
18:45:47 INFO  : 'configparams force-mem-access 1' command is executed.
18:45:47 INFO  : Context for 'APU' is selected.
18:45:47 INFO  : 'ps7_init' command is executed.
18:45:47 INFO  : 'ps7_post_config' command is executed.
18:45:47 INFO  : Context for processor 'ps7_cortexa9_0' is selected.
18:45:47 INFO  : The application 'D:/All/Software/ZZ-Hardware/80-Vivado/01-PROJECT/GPIO_Generate/GPIO_Generate.sdk/gpio/Debug/gpio.elf' is downloaded to processor 'ps7_cortexa9_0'.
18:45:47 INFO  : 'configparams force-mem-access 0' command is executed.
18:45:47 INFO  : ----------------XSDB Script----------------
connect -url tcp:127.0.0.1:3121
source D:/All/Software/ZZ-Hardware/80-Vivado/01-PROJECT/GPIO_Generate/GPIO_Generate.sdk/gpio_wrapper_hw_platform_0/ps7_init.tcl
targets -set -nocase -filter {name =~"APU*" && jtag_cable_name =~ "Digilent JTAG-HS2 2102599A2126"} -index 0
rst -system
after 3000
targets -set -filter {jtag_cable_name =~ "Digilent JTAG-HS2 2102599A2126" && level==0} -index 1
fpga -file D:/All/Software/ZZ-Hardware/80-Vivado/01-PROJECT/GPIO_Generate/GPIO_Generate.sdk/gpio_wrapper_hw_platform_0/gpio_wrapper.bit
targets -set -nocase -filter {name =~"APU*" && jtag_cable_name =~ "Digilent JTAG-HS2 2102599A2126"} -index 0
loadhw -hw D:/All/Software/ZZ-Hardware/80-Vivado/01-PROJECT/GPIO_Generate/GPIO_Generate.sdk/gpio_wrapper_hw_platform_0/system.hdf -mem-ranges [list {0x40000000 0xbfffffff}]
configparams force-mem-access 1
targets -set -nocase -filter {name =~"APU*" && jtag_cable_name =~ "Digilent JTAG-HS2 2102599A2126"} -index 0
ps7_init
ps7_post_config
targets -set -nocase -filter {name =~ "ARM*#0" && jtag_cable_name =~ "Digilent JTAG-HS2 2102599A2126"} -index 0
dow D:/All/Software/ZZ-Hardware/80-Vivado/01-PROJECT/GPIO_Generate/GPIO_Generate.sdk/gpio/Debug/gpio.elf
configparams force-mem-access 0
----------------End of Script----------------

18:45:47 INFO  : Memory regions updated for context APU
18:45:48 INFO  : Context for processor 'ps7_cortexa9_0' is selected.
18:45:48 INFO  : 'con' command is executed.
18:45:48 INFO  : ----------------XSDB Script (After Launch)----------------
targets -set -nocase -filter {name =~ "ARM*#0" && jtag_cable_name =~ "Digilent JTAG-HS2 2102599A2126"} -index 0
con
----------------End of Script----------------

18:45:48 INFO  : Launch script is exported to file 'D:\All\Software\ZZ-Hardware\80-Vivado\01-PROJECT\GPIO_Generate\GPIO_Generate.sdk\.sdk\launch_scripts\xilinx_c-c++_application_(system_debugger)\system_debugger_on_local.tcl'
18:49:24 INFO  : Disconnected from the channel tcfchan#14.
18:49:25 INFO  : Connected to target on host '127.0.0.1' and port '3121'.
18:49:25 INFO  : Jtag cable 'Digilent JTAG-HS2 2102599A2126' is selected.
18:49:25 INFO  : 'jtag frequency' command is executed.
18:49:25 INFO  : Sourcing of 'D:/All/Software/ZZ-Hardware/80-Vivado/01-PROJECT/GPIO_Generate/GPIO_Generate.sdk/gpio_wrapper_hw_platform_0/ps7_init.tcl' is done.
18:49:25 INFO  : Context for 'APU' is selected.
18:49:25 INFO  : System reset is completed.
18:49:28 INFO  : 'after 3000' command is executed.
18:49:28 INFO  : 'targets -set -filter {jtag_cable_name =~ "Digilent JTAG-HS2 2102599A2126" && level==0} -index 1' command is executed.
18:49:32 INFO  : FPGA configured successfully with bitstream "D:/All/Software/ZZ-Hardware/80-Vivado/01-PROJECT/GPIO_Generate/GPIO_Generate.sdk/gpio_wrapper_hw_platform_0/gpio_wrapper.bit"
18:49:32 INFO  : Context for 'APU' is selected.
18:49:33 INFO  : Hardware design information is loaded from 'D:/All/Software/ZZ-Hardware/80-Vivado/01-PROJECT/GPIO_Generate/GPIO_Generate.sdk/gpio_wrapper_hw_platform_0/system.hdf'.
18:49:33 INFO  : 'configparams force-mem-access 1' command is executed.
18:49:33 INFO  : Context for 'APU' is selected.
18:49:34 INFO  : 'ps7_init' command is executed.
18:49:34 INFO  : 'ps7_post_config' command is executed.
18:49:34 INFO  : Context for processor 'ps7_cortexa9_0' is selected.
18:49:34 INFO  : The application 'D:/All/Software/ZZ-Hardware/80-Vivado/01-PROJECT/GPIO_Generate/GPIO_Generate.sdk/gpio/Debug/gpio.elf' is downloaded to processor 'ps7_cortexa9_0'.
18:49:34 INFO  : 'configparams force-mem-access 0' command is executed.
18:49:34 INFO  : ----------------XSDB Script----------------
connect -url tcp:127.0.0.1:3121
source D:/All/Software/ZZ-Hardware/80-Vivado/01-PROJECT/GPIO_Generate/GPIO_Generate.sdk/gpio_wrapper_hw_platform_0/ps7_init.tcl
targets -set -nocase -filter {name =~"APU*" && jtag_cable_name =~ "Digilent JTAG-HS2 2102599A2126"} -index 0
rst -system
after 3000
targets -set -filter {jtag_cable_name =~ "Digilent JTAG-HS2 2102599A2126" && level==0} -index 1
fpga -file D:/All/Software/ZZ-Hardware/80-Vivado/01-PROJECT/GPIO_Generate/GPIO_Generate.sdk/gpio_wrapper_hw_platform_0/gpio_wrapper.bit
targets -set -nocase -filter {name =~"APU*" && jtag_cable_name =~ "Digilent JTAG-HS2 2102599A2126"} -index 0
loadhw -hw D:/All/Software/ZZ-Hardware/80-Vivado/01-PROJECT/GPIO_Generate/GPIO_Generate.sdk/gpio_wrapper_hw_platform_0/system.hdf -mem-ranges [list {0x40000000 0xbfffffff}]
configparams force-mem-access 1
targets -set -nocase -filter {name =~"APU*" && jtag_cable_name =~ "Digilent JTAG-HS2 2102599A2126"} -index 0
ps7_init
ps7_post_config
targets -set -nocase -filter {name =~ "ARM*#0" && jtag_cable_name =~ "Digilent JTAG-HS2 2102599A2126"} -index 0
dow D:/All/Software/ZZ-Hardware/80-Vivado/01-PROJECT/GPIO_Generate/GPIO_Generate.sdk/gpio/Debug/gpio.elf
configparams force-mem-access 0
----------------End of Script----------------

18:49:34 INFO  : Memory regions updated for context APU
18:49:34 INFO  : Context for processor 'ps7_cortexa9_0' is selected.
18:49:34 INFO  : 'con' command is executed.
18:49:34 INFO  : ----------------XSDB Script (After Launch)----------------
targets -set -nocase -filter {name =~ "ARM*#0" && jtag_cable_name =~ "Digilent JTAG-HS2 2102599A2126"} -index 0
con
----------------End of Script----------------

18:49:34 INFO  : Launch script is exported to file 'D:\All\Software\ZZ-Hardware\80-Vivado\01-PROJECT\GPIO_Generate\GPIO_Generate.sdk\.sdk\launch_scripts\xilinx_c-c++_application_(system_debugger)\system_debugger_on_local.tcl'
18:53:09 INFO  : Disconnected from the channel tcfchan#15.
18:53:10 INFO  : Connected to target on host '127.0.0.1' and port '3121'.
18:53:10 INFO  : Jtag cable 'Digilent JTAG-HS2 2102599A2126' is selected.
18:53:10 INFO  : 'jtag frequency' command is executed.
18:53:10 INFO  : Sourcing of 'D:/All/Software/ZZ-Hardware/80-Vivado/01-PROJECT/GPIO_Generate/GPIO_Generate.sdk/gpio_wrapper_hw_platform_0/ps7_init.tcl' is done.
18:53:10 INFO  : Context for 'APU' is selected.
18:53:11 INFO  : System reset is completed.
18:53:14 INFO  : 'after 3000' command is executed.
18:53:14 INFO  : 'targets -set -filter {jtag_cable_name =~ "Digilent JTAG-HS2 2102599A2126" && level==0} -index 1' command is executed.
18:53:17 INFO  : FPGA configured successfully with bitstream "D:/All/Software/ZZ-Hardware/80-Vivado/01-PROJECT/GPIO_Generate/GPIO_Generate.sdk/gpio_wrapper_hw_platform_0/gpio_wrapper.bit"
18:53:17 INFO  : Context for 'APU' is selected.
18:53:19 INFO  : Hardware design information is loaded from 'D:/All/Software/ZZ-Hardware/80-Vivado/01-PROJECT/GPIO_Generate/GPIO_Generate.sdk/gpio_wrapper_hw_platform_0/system.hdf'.
18:53:19 INFO  : 'configparams force-mem-access 1' command is executed.
18:53:19 INFO  : Context for 'APU' is selected.
18:53:19 INFO  : 'ps7_init' command is executed.
18:53:19 INFO  : 'ps7_post_config' command is executed.
18:53:19 INFO  : Context for processor 'ps7_cortexa9_0' is selected.
18:53:19 INFO  : The application 'D:/All/Software/ZZ-Hardware/80-Vivado/01-PROJECT/GPIO_Generate/GPIO_Generate.sdk/gpio/Debug/gpio.elf' is downloaded to processor 'ps7_cortexa9_0'.
18:53:19 INFO  : 'configparams force-mem-access 0' command is executed.
18:53:19 INFO  : ----------------XSDB Script----------------
connect -url tcp:127.0.0.1:3121
source D:/All/Software/ZZ-Hardware/80-Vivado/01-PROJECT/GPIO_Generate/GPIO_Generate.sdk/gpio_wrapper_hw_platform_0/ps7_init.tcl
targets -set -nocase -filter {name =~"APU*" && jtag_cable_name =~ "Digilent JTAG-HS2 2102599A2126"} -index 0
rst -system
after 3000
targets -set -filter {jtag_cable_name =~ "Digilent JTAG-HS2 2102599A2126" && level==0} -index 1
fpga -file D:/All/Software/ZZ-Hardware/80-Vivado/01-PROJECT/GPIO_Generate/GPIO_Generate.sdk/gpio_wrapper_hw_platform_0/gpio_wrapper.bit
targets -set -nocase -filter {name =~"APU*" && jtag_cable_name =~ "Digilent JTAG-HS2 2102599A2126"} -index 0
loadhw -hw D:/All/Software/ZZ-Hardware/80-Vivado/01-PROJECT/GPIO_Generate/GPIO_Generate.sdk/gpio_wrapper_hw_platform_0/system.hdf -mem-ranges [list {0x40000000 0xbfffffff}]
configparams force-mem-access 1
targets -set -nocase -filter {name =~"APU*" && jtag_cable_name =~ "Digilent JTAG-HS2 2102599A2126"} -index 0
ps7_init
ps7_post_config
targets -set -nocase -filter {name =~ "ARM*#0" && jtag_cable_name =~ "Digilent JTAG-HS2 2102599A2126"} -index 0
dow D:/All/Software/ZZ-Hardware/80-Vivado/01-PROJECT/GPIO_Generate/GPIO_Generate.sdk/gpio/Debug/gpio.elf
configparams force-mem-access 0
----------------End of Script----------------

18:53:19 INFO  : Memory regions updated for context APU
18:53:19 INFO  : Context for processor 'ps7_cortexa9_0' is selected.
18:53:19 INFO  : 'con' command is executed.
18:53:19 INFO  : ----------------XSDB Script (After Launch)----------------
targets -set -nocase -filter {name =~ "ARM*#0" && jtag_cable_name =~ "Digilent JTAG-HS2 2102599A2126"} -index 0
con
----------------End of Script----------------

18:53:19 INFO  : Launch script is exported to file 'D:\All\Software\ZZ-Hardware\80-Vivado\01-PROJECT\GPIO_Generate\GPIO_Generate.sdk\.sdk\launch_scripts\xilinx_c-c++_application_(system_debugger)\system_debugger_on_local.tcl'
19:04:08 INFO  : Disconnected from the channel tcfchan#16.
19:04:09 INFO  : Connected to target on host '127.0.0.1' and port '3121'.
19:04:09 INFO  : Jtag cable 'Digilent JTAG-HS2 2102599A2126' is selected.
19:04:09 INFO  : 'jtag frequency' command is executed.
19:04:09 INFO  : Sourcing of 'D:/All/Software/ZZ-Hardware/80-Vivado/01-PROJECT/GPIO_Generate/GPIO_Generate.sdk/gpio_wrapper_hw_platform_0/ps7_init.tcl' is done.
19:04:09 INFO  : Context for 'APU' is selected.
19:04:09 INFO  : System reset is completed.
19:04:12 INFO  : 'after 3000' command is executed.
19:04:12 INFO  : 'targets -set -filter {jtag_cable_name =~ "Digilent JTAG-HS2 2102599A2126" && level==0} -index 1' command is executed.
19:04:16 INFO  : FPGA configured successfully with bitstream "D:/All/Software/ZZ-Hardware/80-Vivado/01-PROJECT/GPIO_Generate/GPIO_Generate.sdk/gpio_wrapper_hw_platform_0/gpio_wrapper.bit"
19:04:16 INFO  : Context for 'APU' is selected.
19:04:17 INFO  : Hardware design information is loaded from 'D:/All/Software/ZZ-Hardware/80-Vivado/01-PROJECT/GPIO_Generate/GPIO_Generate.sdk/gpio_wrapper_hw_platform_0/system.hdf'.
19:04:17 INFO  : 'configparams force-mem-access 1' command is executed.
19:04:17 INFO  : Context for 'APU' is selected.
19:04:18 INFO  : 'ps7_init' command is executed.
19:04:18 INFO  : 'ps7_post_config' command is executed.
19:04:18 INFO  : Context for processor 'ps7_cortexa9_0' is selected.
19:04:18 INFO  : The application 'D:/All/Software/ZZ-Hardware/80-Vivado/01-PROJECT/GPIO_Generate/GPIO_Generate.sdk/gpio/Debug/gpio.elf' is downloaded to processor 'ps7_cortexa9_0'.
19:04:18 INFO  : 'configparams force-mem-access 0' command is executed.
19:04:18 INFO  : ----------------XSDB Script----------------
connect -url tcp:127.0.0.1:3121
source D:/All/Software/ZZ-Hardware/80-Vivado/01-PROJECT/GPIO_Generate/GPIO_Generate.sdk/gpio_wrapper_hw_platform_0/ps7_init.tcl
targets -set -nocase -filter {name =~"APU*" && jtag_cable_name =~ "Digilent JTAG-HS2 2102599A2126"} -index 0
rst -system
after 3000
targets -set -filter {jtag_cable_name =~ "Digilent JTAG-HS2 2102599A2126" && level==0} -index 1
fpga -file D:/All/Software/ZZ-Hardware/80-Vivado/01-PROJECT/GPIO_Generate/GPIO_Generate.sdk/gpio_wrapper_hw_platform_0/gpio_wrapper.bit
targets -set -nocase -filter {name =~"APU*" && jtag_cable_name =~ "Digilent JTAG-HS2 2102599A2126"} -index 0
loadhw -hw D:/All/Software/ZZ-Hardware/80-Vivado/01-PROJECT/GPIO_Generate/GPIO_Generate.sdk/gpio_wrapper_hw_platform_0/system.hdf -mem-ranges [list {0x40000000 0xbfffffff}]
configparams force-mem-access 1
targets -set -nocase -filter {name =~"APU*" && jtag_cable_name =~ "Digilent JTAG-HS2 2102599A2126"} -index 0
ps7_init
ps7_post_config
targets -set -nocase -filter {name =~ "ARM*#0" && jtag_cable_name =~ "Digilent JTAG-HS2 2102599A2126"} -index 0
dow D:/All/Software/ZZ-Hardware/80-Vivado/01-PROJECT/GPIO_Generate/GPIO_Generate.sdk/gpio/Debug/gpio.elf
configparams force-mem-access 0
----------------End of Script----------------

19:04:18 INFO  : Memory regions updated for context APU
19:04:18 INFO  : Context for processor 'ps7_cortexa9_0' is selected.
19:04:18 INFO  : 'con' command is executed.
19:04:18 INFO  : ----------------XSDB Script (After Launch)----------------
targets -set -nocase -filter {name =~ "ARM*#0" && jtag_cable_name =~ "Digilent JTAG-HS2 2102599A2126"} -index 0
con
----------------End of Script----------------

19:04:18 INFO  : Launch script is exported to file 'D:\All\Software\ZZ-Hardware\80-Vivado\01-PROJECT\GPIO_Generate\GPIO_Generate.sdk\.sdk\launch_scripts\xilinx_c-c++_application_(system_debugger)\system_debugger_on_local.tcl'
20:47:47 INFO  : Disconnected from the channel tcfchan#17.
20:47:48 INFO  : Connected to target on host '127.0.0.1' and port '3121'.
20:47:48 INFO  : Jtag cable 'Digilent JTAG-HS2 2102599A2126' is selected.
20:47:48 INFO  : 'jtag frequency' command is executed.
20:47:48 INFO  : Sourcing of 'D:/All/Software/ZZ-Hardware/80-Vivado/01-PROJECT/GPIO_Generate/GPIO_Generate.sdk/gpio_wrapper_hw_platform_0/ps7_init.tcl' is done.
20:47:48 INFO  : Context for 'APU' is selected.
20:47:48 INFO  : System reset is completed.
20:47:51 INFO  : 'after 3000' command is executed.
20:47:51 INFO  : 'targets -set -filter {jtag_cable_name =~ "Digilent JTAG-HS2 2102599A2126" && level==0} -index 1' command is executed.
20:47:55 INFO  : FPGA configured successfully with bitstream "D:/All/Software/ZZ-Hardware/80-Vivado/01-PROJECT/GPIO_Generate/GPIO_Generate.sdk/gpio_wrapper_hw_platform_0/gpio_wrapper.bit"
20:47:55 INFO  : Context for 'APU' is selected.
20:47:57 INFO  : Hardware design information is loaded from 'D:/All/Software/ZZ-Hardware/80-Vivado/01-PROJECT/GPIO_Generate/GPIO_Generate.sdk/gpio_wrapper_hw_platform_0/system.hdf'.
20:47:57 INFO  : 'configparams force-mem-access 1' command is executed.
20:47:57 INFO  : Context for 'APU' is selected.
20:47:57 INFO  : 'ps7_init' command is executed.
20:47:57 INFO  : 'ps7_post_config' command is executed.
20:47:57 INFO  : Context for processor 'ps7_cortexa9_0' is selected.
20:47:57 INFO  : The application 'D:/All/Software/ZZ-Hardware/80-Vivado/01-PROJECT/GPIO_Generate/GPIO_Generate.sdk/gpio/Debug/gpio.elf' is downloaded to processor 'ps7_cortexa9_0'.
20:47:57 INFO  : 'configparams force-mem-access 0' command is executed.
20:47:57 INFO  : ----------------XSDB Script----------------
connect -url tcp:127.0.0.1:3121
source D:/All/Software/ZZ-Hardware/80-Vivado/01-PROJECT/GPIO_Generate/GPIO_Generate.sdk/gpio_wrapper_hw_platform_0/ps7_init.tcl
targets -set -nocase -filter {name =~"APU*" && jtag_cable_name =~ "Digilent JTAG-HS2 2102599A2126"} -index 0
rst -system
after 3000
targets -set -filter {jtag_cable_name =~ "Digilent JTAG-HS2 2102599A2126" && level==0} -index 1
fpga -file D:/All/Software/ZZ-Hardware/80-Vivado/01-PROJECT/GPIO_Generate/GPIO_Generate.sdk/gpio_wrapper_hw_platform_0/gpio_wrapper.bit
targets -set -nocase -filter {name =~"APU*" && jtag_cable_name =~ "Digilent JTAG-HS2 2102599A2126"} -index 0
loadhw -hw D:/All/Software/ZZ-Hardware/80-Vivado/01-PROJECT/GPIO_Generate/GPIO_Generate.sdk/gpio_wrapper_hw_platform_0/system.hdf -mem-ranges [list {0x40000000 0xbfffffff}]
configparams force-mem-access 1
targets -set -nocase -filter {name =~"APU*" && jtag_cable_name =~ "Digilent JTAG-HS2 2102599A2126"} -index 0
ps7_init
ps7_post_config
targets -set -nocase -filter {name =~ "ARM*#0" && jtag_cable_name =~ "Digilent JTAG-HS2 2102599A2126"} -index 0
dow D:/All/Software/ZZ-Hardware/80-Vivado/01-PROJECT/GPIO_Generate/GPIO_Generate.sdk/gpio/Debug/gpio.elf
configparams force-mem-access 0
----------------End of Script----------------

20:47:57 INFO  : Memory regions updated for context APU
20:47:57 INFO  : Context for processor 'ps7_cortexa9_0' is selected.
20:47:57 INFO  : 'con' command is executed.
20:47:57 INFO  : ----------------XSDB Script (After Launch)----------------
targets -set -nocase -filter {name =~ "ARM*#0" && jtag_cable_name =~ "Digilent JTAG-HS2 2102599A2126"} -index 0
con
----------------End of Script----------------

20:47:57 INFO  : Launch script is exported to file 'D:\All\Software\ZZ-Hardware\80-Vivado\01-PROJECT\GPIO_Generate\GPIO_Generate.sdk\.sdk\launch_scripts\xilinx_c-c++_application_(system_debugger)\system_debugger_on_local.tcl'
21:14:50 INFO  : Disconnected from the channel tcfchan#18.
21:14:51 INFO  : Connected to target on host '127.0.0.1' and port '3121'.
21:14:51 INFO  : Jtag cable 'Digilent JTAG-HS2 2102599A2126' is selected.
21:14:51 INFO  : 'jtag frequency' command is executed.
21:14:51 INFO  : Sourcing of 'D:/All/Software/ZZ-Hardware/80-Vivado/01-PROJECT/GPIO_Generate/GPIO_Generate.sdk/gpio_wrapper_hw_platform_0/ps7_init.tcl' is done.
21:14:51 INFO  : Context for 'APU' is selected.
21:14:51 INFO  : System reset is completed.
21:14:54 INFO  : 'after 3000' command is executed.
21:14:54 INFO  : 'targets -set -filter {jtag_cable_name =~ "Digilent JTAG-HS2 2102599A2126" && level==0} -index 1' command is executed.
21:14:58 INFO  : FPGA configured successfully with bitstream "D:/All/Software/ZZ-Hardware/80-Vivado/01-PROJECT/GPIO_Generate/GPIO_Generate.sdk/gpio_wrapper_hw_platform_0/gpio_wrapper.bit"
21:14:58 INFO  : Context for 'APU' is selected.
21:14:59 INFO  : Hardware design information is loaded from 'D:/All/Software/ZZ-Hardware/80-Vivado/01-PROJECT/GPIO_Generate/GPIO_Generate.sdk/gpio_wrapper_hw_platform_0/system.hdf'.
21:14:59 INFO  : 'configparams force-mem-access 1' command is executed.
21:14:59 INFO  : Context for 'APU' is selected.
21:15:00 INFO  : 'ps7_init' command is executed.
21:15:00 INFO  : 'ps7_post_config' command is executed.
21:15:00 INFO  : Context for processor 'ps7_cortexa9_0' is selected.
21:15:00 INFO  : The application 'D:/All/Software/ZZ-Hardware/80-Vivado/01-PROJECT/GPIO_Generate/GPIO_Generate.sdk/gpio/Debug/gpio.elf' is downloaded to processor 'ps7_cortexa9_0'.
21:15:00 INFO  : 'configparams force-mem-access 0' command is executed.
21:15:00 INFO  : ----------------XSDB Script----------------
connect -url tcp:127.0.0.1:3121
source D:/All/Software/ZZ-Hardware/80-Vivado/01-PROJECT/GPIO_Generate/GPIO_Generate.sdk/gpio_wrapper_hw_platform_0/ps7_init.tcl
targets -set -nocase -filter {name =~"APU*" && jtag_cable_name =~ "Digilent JTAG-HS2 2102599A2126"} -index 0
rst -system
after 3000
targets -set -filter {jtag_cable_name =~ "Digilent JTAG-HS2 2102599A2126" && level==0} -index 1
fpga -file D:/All/Software/ZZ-Hardware/80-Vivado/01-PROJECT/GPIO_Generate/GPIO_Generate.sdk/gpio_wrapper_hw_platform_0/gpio_wrapper.bit
targets -set -nocase -filter {name =~"APU*" && jtag_cable_name =~ "Digilent JTAG-HS2 2102599A2126"} -index 0
loadhw -hw D:/All/Software/ZZ-Hardware/80-Vivado/01-PROJECT/GPIO_Generate/GPIO_Generate.sdk/gpio_wrapper_hw_platform_0/system.hdf -mem-ranges [list {0x40000000 0xbfffffff}]
configparams force-mem-access 1
targets -set -nocase -filter {name =~"APU*" && jtag_cable_name =~ "Digilent JTAG-HS2 2102599A2126"} -index 0
ps7_init
ps7_post_config
targets -set -nocase -filter {name =~ "ARM*#0" && jtag_cable_name =~ "Digilent JTAG-HS2 2102599A2126"} -index 0
dow D:/All/Software/ZZ-Hardware/80-Vivado/01-PROJECT/GPIO_Generate/GPIO_Generate.sdk/gpio/Debug/gpio.elf
configparams force-mem-access 0
----------------End of Script----------------

21:15:00 INFO  : Memory regions updated for context APU
21:15:00 INFO  : Context for processor 'ps7_cortexa9_0' is selected.
21:15:00 INFO  : 'con' command is executed.
21:15:00 INFO  : ----------------XSDB Script (After Launch)----------------
targets -set -nocase -filter {name =~ "ARM*#0" && jtag_cable_name =~ "Digilent JTAG-HS2 2102599A2126"} -index 0
con
----------------End of Script----------------

21:15:00 INFO  : Launch script is exported to file 'D:\All\Software\ZZ-Hardware\80-Vivado\01-PROJECT\GPIO_Generate\GPIO_Generate.sdk\.sdk\launch_scripts\xilinx_c-c++_application_(system_debugger)\system_debugger_on_local.tcl'
21:16:08 INFO  : Disconnected from the channel tcfchan#19.
11:00:33 INFO  : Registering command handlers for SDK TCF services
11:00:33 INFO  : Launching XSCT server: xsct.bat -interactive D:\All\Software\ZZ-Hardware\80-Vivado\01-PROJECT\GPIO_Generate\GPIO_Generate.sdk\temp_xsdb_launch_script.tcl
11:00:35 INFO  : XSCT server has started successfully.
11:00:35 INFO  : Successfully done setting XSCT server connection channel  
11:00:35 INFO  : Processing command line option -hwspec D:/All/Software/ZZ-Hardware/80-Vivado/01-PROJECT/GPIO_Generate/GPIO_Generate.sdk/gpio_wrapper.hdf.
11:00:35 INFO  : Successfully done setting SDK workspace  
11:00:35 INFO  : Checking for hwspec changes in the project gpio_wrapper_hw_platform_0.
11:02:36 INFO  : Connected to target on host '127.0.0.1' and port '3121'.
11:02:37 INFO  : Jtag cable 'Digilent JTAG-HS2 2102599A2126' is selected.
11:02:37 INFO  : 'jtag frequency' command is executed.
11:02:37 INFO  : Sourcing of 'D:/All/Software/ZZ-Hardware/80-Vivado/01-PROJECT/GPIO_Generate/GPIO_Generate.sdk/gpio_wrapper_hw_platform_0/ps7_init.tcl' is done.
11:02:37 INFO  : Context for 'APU' is selected.
11:02:37 INFO  : System reset is completed.
11:02:40 INFO  : 'after 3000' command is executed.
11:02:40 INFO  : 'targets -set -filter {jtag_cable_name =~ "Digilent JTAG-HS2 2102599A2126" && level==0} -index 1' command is executed.
11:02:44 INFO  : FPGA configured successfully with bitstream "D:/All/Software/ZZ-Hardware/80-Vivado/01-PROJECT/GPIO_Generate/GPIO_Generate.sdk/gpio_wrapper_hw_platform_0/gpio_wrapper.bit"
11:02:44 INFO  : Context for 'APU' is selected.
11:02:44 INFO  : Hardware design information is loaded from 'D:/All/Software/ZZ-Hardware/80-Vivado/01-PROJECT/GPIO_Generate/GPIO_Generate.sdk/gpio_wrapper_hw_platform_0/system.hdf'.
11:02:44 INFO  : 'configparams force-mem-access 1' command is executed.
11:02:44 INFO  : Context for 'APU' is selected.
11:02:44 INFO  : 'ps7_init' command is executed.
11:02:44 INFO  : 'ps7_post_config' command is executed.
11:02:44 INFO  : Context for processor 'ps7_cortexa9_0' is selected.
11:02:44 INFO  : The application 'D:/All/Software/ZZ-Hardware/80-Vivado/01-PROJECT/GPIO_Generate/GPIO_Generate.sdk/gpio/Debug/gpio.elf' is downloaded to processor 'ps7_cortexa9_0'.
11:02:44 INFO  : 'configparams force-mem-access 0' command is executed.
11:02:44 INFO  : ----------------XSDB Script----------------
connect -url tcp:127.0.0.1:3121
source D:/All/Software/ZZ-Hardware/80-Vivado/01-PROJECT/GPIO_Generate/GPIO_Generate.sdk/gpio_wrapper_hw_platform_0/ps7_init.tcl
targets -set -nocase -filter {name =~"APU*" && jtag_cable_name =~ "Digilent JTAG-HS2 2102599A2126"} -index 0
rst -system
after 3000
targets -set -filter {jtag_cable_name =~ "Digilent JTAG-HS2 2102599A2126" && level==0} -index 1
fpga -file D:/All/Software/ZZ-Hardware/80-Vivado/01-PROJECT/GPIO_Generate/GPIO_Generate.sdk/gpio_wrapper_hw_platform_0/gpio_wrapper.bit
targets -set -nocase -filter {name =~"APU*" && jtag_cable_name =~ "Digilent JTAG-HS2 2102599A2126"} -index 0
loadhw -hw D:/All/Software/ZZ-Hardware/80-Vivado/01-PROJECT/GPIO_Generate/GPIO_Generate.sdk/gpio_wrapper_hw_platform_0/system.hdf -mem-ranges [list {0x40000000 0xbfffffff}]
configparams force-mem-access 1
targets -set -nocase -filter {name =~"APU*" && jtag_cable_name =~ "Digilent JTAG-HS2 2102599A2126"} -index 0
ps7_init
ps7_post_config
targets -set -nocase -filter {name =~ "ARM*#0" && jtag_cable_name =~ "Digilent JTAG-HS2 2102599A2126"} -index 0
dow D:/All/Software/ZZ-Hardware/80-Vivado/01-PROJECT/GPIO_Generate/GPIO_Generate.sdk/gpio/Debug/gpio.elf
configparams force-mem-access 0
----------------End of Script----------------

11:02:45 INFO  : Memory regions updated for context APU
11:02:45 INFO  : Context for processor 'ps7_cortexa9_0' is selected.
11:02:45 INFO  : 'con' command is executed.
11:02:45 INFO  : ----------------XSDB Script (After Launch)----------------
targets -set -nocase -filter {name =~ "ARM*#0" && jtag_cable_name =~ "Digilent JTAG-HS2 2102599A2126"} -index 0
con
----------------End of Script----------------

11:02:45 INFO  : Launch script is exported to file 'D:\All\Software\ZZ-Hardware\80-Vivado\01-PROJECT\GPIO_Generate\GPIO_Generate.sdk\.sdk\launch_scripts\xilinx_c-c++_application_(system_debugger)\system_debugger_on_local.tcl'
11:02:56 INFO  : Disconnected from the channel tcfchan#1.
12:47:52 INFO  : Registering command handlers for SDK TCF services
12:47:53 INFO  : Launching XSCT server: xsct.bat -interactive D:\All\Software\ZZ-Hardware\80-Vivado\01-PROJECT\002_GPIO_Generator\GPIO_Generate.sdk\temp_xsdb_launch_script.tcl
12:47:55 INFO  : XSCT server has started successfully.
12:47:55 INFO  : Successfully done setting XSCT server connection channel  
12:47:55 INFO  : Successfully done setting SDK workspace  
12:47:55 INFO  : Processing command line option -hwspec D:/All/Software/ZZ-Hardware/80-Vivado/01-PROJECT/002_GPIO_Generator/GPIO_Generate.sdk/gpio_wrapper.hdf.
12:48:38 INFO  : Connected to target on host '127.0.0.1' and port '3121'.
12:48:38 INFO  : Jtag cable 'Digilent JTAG-HS2 2102599A2126' is selected.
12:48:38 INFO  : 'jtag frequency' command is executed.
12:48:38 INFO  : Sourcing of 'D:/All/Software/ZZ-Hardware/80-Vivado/01-PROJECT/002_GPIO_Generator/GPIO_Generate.sdk/gpio_wrapper_hw_platform_0/ps7_init.tcl' is done.
12:48:38 INFO  : Context for 'APU' is selected.
12:48:38 INFO  : System reset is completed.
12:48:41 INFO  : 'after 3000' command is executed.
12:48:41 INFO  : 'targets -set -filter {jtag_cable_name =~ "Digilent JTAG-HS2 2102599A2126" && level==0} -index 1' command is executed.
12:48:45 INFO  : FPGA configured successfully with bitstream "D:/All/Software/ZZ-Hardware/80-Vivado/01-PROJECT/002_GPIO_Generator/GPIO_Generate.sdk/gpio_wrapper_hw_platform_0/gpio_wrapper.bit"
12:48:45 INFO  : Context for 'APU' is selected.
12:48:45 INFO  : Hardware design information is loaded from 'D:/All/Software/ZZ-Hardware/80-Vivado/01-PROJECT/002_GPIO_Generator/GPIO_Generate.sdk/gpio_wrapper_hw_platform_0/system.hdf'.
12:48:45 INFO  : 'configparams force-mem-access 1' command is executed.
12:48:45 INFO  : Context for 'APU' is selected.
12:48:45 INFO  : 'ps7_init' command is executed.
12:48:45 INFO  : 'ps7_post_config' command is executed.
12:48:45 INFO  : Context for processor 'ps7_cortexa9_0' is selected.
12:48:46 INFO  : The application 'D:/All/Software/ZZ-Hardware/80-Vivado/01-PROJECT/002_GPIO_Generator/GPIO_Generate.sdk/gpio/Debug/gpio.elf' is downloaded to processor 'ps7_cortexa9_0'.
12:48:46 INFO  : 'configparams force-mem-access 0' command is executed.
12:48:46 INFO  : ----------------XSDB Script----------------
connect -url tcp:127.0.0.1:3121
source D:/All/Software/ZZ-Hardware/80-Vivado/01-PROJECT/002_GPIO_Generator/GPIO_Generate.sdk/gpio_wrapper_hw_platform_0/ps7_init.tcl
targets -set -nocase -filter {name =~"APU*" && jtag_cable_name =~ "Digilent JTAG-HS2 2102599A2126"} -index 0
rst -system
after 3000
targets -set -filter {jtag_cable_name =~ "Digilent JTAG-HS2 2102599A2126" && level==0} -index 1
fpga -file D:/All/Software/ZZ-Hardware/80-Vivado/01-PROJECT/002_GPIO_Generator/GPIO_Generate.sdk/gpio_wrapper_hw_platform_0/gpio_wrapper.bit
targets -set -nocase -filter {name =~"APU*" && jtag_cable_name =~ "Digilent JTAG-HS2 2102599A2126"} -index 0
loadhw -hw D:/All/Software/ZZ-Hardware/80-Vivado/01-PROJECT/002_GPIO_Generator/GPIO_Generate.sdk/gpio_wrapper_hw_platform_0/system.hdf -mem-ranges [list {0x40000000 0xbfffffff}]
configparams force-mem-access 1
targets -set -nocase -filter {name =~"APU*" && jtag_cable_name =~ "Digilent JTAG-HS2 2102599A2126"} -index 0
ps7_init
ps7_post_config
targets -set -nocase -filter {name =~ "ARM*#0" && jtag_cable_name =~ "Digilent JTAG-HS2 2102599A2126"} -index 0
dow D:/All/Software/ZZ-Hardware/80-Vivado/01-PROJECT/002_GPIO_Generator/GPIO_Generate.sdk/gpio/Debug/gpio.elf
configparams force-mem-access 0
----------------End of Script----------------

12:48:46 INFO  : Memory regions updated for context APU
12:48:46 INFO  : Context for processor 'ps7_cortexa9_0' is selected.
12:48:46 INFO  : 'con' command is executed.
12:48:46 INFO  : ----------------XSDB Script (After Launch)----------------
targets -set -nocase -filter {name =~ "ARM*#0" && jtag_cable_name =~ "Digilent JTAG-HS2 2102599A2126"} -index 0
con
----------------End of Script----------------

12:48:46 INFO  : Launch script is exported to file 'D:\All\Software\ZZ-Hardware\80-Vivado\01-PROJECT\002_GPIO_Generator\GPIO_Generate.sdk\.sdk\launch_scripts\xilinx_c-c++_application_(system_debugger)\system_debugger_on_local.tcl'
12:48:59 INFO  : Disconnected from the channel tcfchan#1.
12:49:00 INFO  : Connected to target on host '127.0.0.1' and port '3121'.
12:49:01 INFO  : Jtag cable 'Digilent JTAG-HS2 2102599A2126' is selected.
12:49:01 INFO  : 'jtag frequency' command is executed.
12:49:01 INFO  : Sourcing of 'D:/All/Software/ZZ-Hardware/80-Vivado/01-PROJECT/002_GPIO_Generator/GPIO_Generate.sdk/gpio_wrapper_hw_platform_0/ps7_init.tcl' is done.
12:49:01 INFO  : Context for 'APU' is selected.
12:49:01 INFO  : System reset is completed.
12:49:04 INFO  : 'after 3000' command is executed.
12:49:04 INFO  : 'targets -set -filter {jtag_cable_name =~ "Digilent JTAG-HS2 2102599A2126" && level==0} -index 1' command is executed.
12:49:07 INFO  : FPGA configured successfully with bitstream "D:/All/Software/ZZ-Hardware/80-Vivado/01-PROJECT/002_GPIO_Generator/GPIO_Generate.sdk/gpio_wrapper_hw_platform_0/gpio_wrapper.bit"
12:49:07 INFO  : Context for 'APU' is selected.
12:49:09 INFO  : Hardware design information is loaded from 'D:/All/Software/ZZ-Hardware/80-Vivado/01-PROJECT/002_GPIO_Generator/GPIO_Generate.sdk/gpio_wrapper_hw_platform_0/system.hdf'.
12:49:09 INFO  : 'configparams force-mem-access 1' command is executed.
12:49:09 INFO  : Context for 'APU' is selected.
12:49:09 INFO  : 'ps7_init' command is executed.
12:49:09 INFO  : 'ps7_post_config' command is executed.
12:49:09 INFO  : Context for processor 'ps7_cortexa9_0' is selected.
12:49:09 INFO  : The application 'D:/All/Software/ZZ-Hardware/80-Vivado/01-PROJECT/002_GPIO_Generator/GPIO_Generate.sdk/gpio/Debug/gpio.elf' is downloaded to processor 'ps7_cortexa9_0'.
12:49:09 INFO  : 'configparams force-mem-access 0' command is executed.
12:49:09 INFO  : ----------------XSDB Script----------------
connect -url tcp:127.0.0.1:3121
source D:/All/Software/ZZ-Hardware/80-Vivado/01-PROJECT/002_GPIO_Generator/GPIO_Generate.sdk/gpio_wrapper_hw_platform_0/ps7_init.tcl
targets -set -nocase -filter {name =~"APU*" && jtag_cable_name =~ "Digilent JTAG-HS2 2102599A2126"} -index 0
rst -system
after 3000
targets -set -filter {jtag_cable_name =~ "Digilent JTAG-HS2 2102599A2126" && level==0} -index 1
fpga -file D:/All/Software/ZZ-Hardware/80-Vivado/01-PROJECT/002_GPIO_Generator/GPIO_Generate.sdk/gpio_wrapper_hw_platform_0/gpio_wrapper.bit
targets -set -nocase -filter {name =~"APU*" && jtag_cable_name =~ "Digilent JTAG-HS2 2102599A2126"} -index 0
loadhw -hw D:/All/Software/ZZ-Hardware/80-Vivado/01-PROJECT/002_GPIO_Generator/GPIO_Generate.sdk/gpio_wrapper_hw_platform_0/system.hdf -mem-ranges [list {0x40000000 0xbfffffff}]
configparams force-mem-access 1
targets -set -nocase -filter {name =~"APU*" && jtag_cable_name =~ "Digilent JTAG-HS2 2102599A2126"} -index 0
ps7_init
ps7_post_config
targets -set -nocase -filter {name =~ "ARM*#0" && jtag_cable_name =~ "Digilent JTAG-HS2 2102599A2126"} -index 0
dow D:/All/Software/ZZ-Hardware/80-Vivado/01-PROJECT/002_GPIO_Generator/GPIO_Generate.sdk/gpio/Debug/gpio.elf
configparams force-mem-access 0
----------------End of Script----------------

12:49:09 INFO  : Memory regions updated for context APU
12:49:10 INFO  : Context for processor 'ps7_cortexa9_0' is selected.
12:49:10 INFO  : 'con' command is executed.
12:49:10 INFO  : ----------------XSDB Script (After Launch)----------------
targets -set -nocase -filter {name =~ "ARM*#0" && jtag_cable_name =~ "Digilent JTAG-HS2 2102599A2126"} -index 0
con
----------------End of Script----------------

12:49:10 INFO  : Launch script is exported to file 'D:\All\Software\ZZ-Hardware\80-Vivado\01-PROJECT\002_GPIO_Generator\GPIO_Generate.sdk\.sdk\launch_scripts\xilinx_c-c++_application_(system_debugger)\system_debugger_on_local.tcl'
12:49:41 INFO  : Disconnected from the channel tcfchan#2.
12:49:42 INFO  : Connected to target on host '127.0.0.1' and port '3121'.
12:49:42 INFO  : Jtag cable 'Digilent JTAG-HS2 2102599A2126' is selected.
12:49:42 INFO  : 'jtag frequency' command is executed.
12:49:42 INFO  : Sourcing of 'D:/All/Software/ZZ-Hardware/80-Vivado/01-PROJECT/002_GPIO_Generator/GPIO_Generate.sdk/gpio_wrapper_hw_platform_0/ps7_init.tcl' is done.
12:49:42 INFO  : Context for 'APU' is selected.
12:49:43 INFO  : System reset is completed.
12:49:46 INFO  : 'after 3000' command is executed.
12:49:46 INFO  : 'targets -set -filter {jtag_cable_name =~ "Digilent JTAG-HS2 2102599A2126" && level==0} -index 1' command is executed.
12:49:49 INFO  : FPGA configured successfully with bitstream "D:/All/Software/ZZ-Hardware/80-Vivado/01-PROJECT/002_GPIO_Generator/GPIO_Generate.sdk/gpio_wrapper_hw_platform_0/gpio_wrapper.bit"
12:49:49 INFO  : Context for 'APU' is selected.
12:49:49 INFO  : Hardware design information is loaded from 'D:/All/Software/ZZ-Hardware/80-Vivado/01-PROJECT/002_GPIO_Generator/GPIO_Generate.sdk/gpio_wrapper_hw_platform_0/system.hdf'.
12:49:49 INFO  : 'configparams force-mem-access 1' command is executed.
12:49:49 INFO  : Context for 'APU' is selected.
12:49:50 INFO  : 'ps7_init' command is executed.
12:49:50 INFO  : 'ps7_post_config' command is executed.
12:49:50 INFO  : Context for processor 'ps7_cortexa9_0' is selected.
12:49:50 INFO  : The application 'D:/All/Software/ZZ-Hardware/80-Vivado/01-PROJECT/002_GPIO_Generator/GPIO_Generate.sdk/gpio/Debug/gpio.elf' is downloaded to processor 'ps7_cortexa9_0'.
12:49:50 INFO  : 'configparams force-mem-access 0' command is executed.
12:49:50 INFO  : ----------------XSDB Script----------------
connect -url tcp:127.0.0.1:3121
source D:/All/Software/ZZ-Hardware/80-Vivado/01-PROJECT/002_GPIO_Generator/GPIO_Generate.sdk/gpio_wrapper_hw_platform_0/ps7_init.tcl
targets -set -nocase -filter {name =~"APU*" && jtag_cable_name =~ "Digilent JTAG-HS2 2102599A2126"} -index 0
rst -system
after 3000
targets -set -filter {jtag_cable_name =~ "Digilent JTAG-HS2 2102599A2126" && level==0} -index 1
fpga -file D:/All/Software/ZZ-Hardware/80-Vivado/01-PROJECT/002_GPIO_Generator/GPIO_Generate.sdk/gpio_wrapper_hw_platform_0/gpio_wrapper.bit
targets -set -nocase -filter {name =~"APU*" && jtag_cable_name =~ "Digilent JTAG-HS2 2102599A2126"} -index 0
loadhw -hw D:/All/Software/ZZ-Hardware/80-Vivado/01-PROJECT/002_GPIO_Generator/GPIO_Generate.sdk/gpio_wrapper_hw_platform_0/system.hdf -mem-ranges [list {0x40000000 0xbfffffff}]
configparams force-mem-access 1
targets -set -nocase -filter {name =~"APU*" && jtag_cable_name =~ "Digilent JTAG-HS2 2102599A2126"} -index 0
ps7_init
ps7_post_config
targets -set -nocase -filter {name =~ "ARM*#0" && jtag_cable_name =~ "Digilent JTAG-HS2 2102599A2126"} -index 0
dow D:/All/Software/ZZ-Hardware/80-Vivado/01-PROJECT/002_GPIO_Generator/GPIO_Generate.sdk/gpio/Debug/gpio.elf
configparams force-mem-access 0
----------------End of Script----------------

12:49:50 INFO  : Memory regions updated for context APU
12:49:50 INFO  : Context for processor 'ps7_cortexa9_0' is selected.
12:49:50 INFO  : 'con' command is executed.
12:49:50 INFO  : ----------------XSDB Script (After Launch)----------------
targets -set -nocase -filter {name =~ "ARM*#0" && jtag_cable_name =~ "Digilent JTAG-HS2 2102599A2126"} -index 0
con
----------------End of Script----------------

12:49:50 INFO  : Launch script is exported to file 'D:\All\Software\ZZ-Hardware\80-Vivado\01-PROJECT\002_GPIO_Generator\GPIO_Generate.sdk\.sdk\launch_scripts\xilinx_c-c++_application_(system_debugger)\system_debugger_on_local.tcl'
12:49:58 INFO  : Disconnected from the channel tcfchan#3.
10:19:09 INFO  : Registering command handlers for SDK TCF services
10:19:09 INFO  : Launching XSCT server: xsct.bat -interactive D:\All\Software\ZZ-Hardware\80-Vivado\01-PROJECT\002_GPIO_Generator\GPIO_Generate.sdk\temp_xsdb_launch_script.tcl
10:19:11 INFO  : XSCT server has started successfully.
10:19:11 INFO  : Successfully done setting XSCT server connection channel  
10:19:12 INFO  : Successfully done setting SDK workspace  
10:19:12 INFO  : Processing command line option -hwspec D:/All/Software/ZZ-Hardware/80-Vivado/01-PROJECT/002_GPIO_Generator/GPIO_Generate.sdk/gpio_wrapper.hdf.
10:19:12 INFO  : Checking for hwspec changes in the project gpio_wrapper_hw_platform_1.
10:19:32 INFO  : Connected to target on host '127.0.0.1' and port '3121'.
10:19:33 INFO  : Jtag cable 'Digilent JTAG-HS2 2102599A2126' is selected.
10:19:33 INFO  : 'jtag frequency' command is executed.
10:19:33 INFO  : Sourcing of 'D:/All/Software/ZZ-Hardware/80-Vivado/01-PROJECT/002_GPIO_Generator/GPIO_Generate.sdk/gpio_wrapper_hw_platform_0/ps7_init.tcl' is done.
10:19:33 INFO  : Context for 'APU' is selected.
10:19:33 INFO  : System reset is completed.
10:19:36 INFO  : 'after 3000' command is executed.
10:19:36 INFO  : 'targets -set -filter {jtag_cable_name =~ "Digilent JTAG-HS2 2102599A2126" && level==0} -index 1' command is executed.
10:19:40 INFO  : FPGA configured successfully with bitstream "D:/All/Software/ZZ-Hardware/80-Vivado/01-PROJECT/002_GPIO_Generator/GPIO_Generate.sdk/gpio_wrapper_hw_platform_0/gpio_wrapper.bit"
10:19:40 INFO  : Context for 'APU' is selected.
10:19:40 INFO  : Hardware design information is loaded from 'D:/All/Software/ZZ-Hardware/80-Vivado/01-PROJECT/002_GPIO_Generator/GPIO_Generate.sdk/gpio_wrapper_hw_platform_0/system.hdf'.
10:19:40 INFO  : 'configparams force-mem-access 1' command is executed.
10:19:40 INFO  : Context for 'APU' is selected.
10:19:40 INFO  : 'ps7_init' command is executed.
10:19:40 INFO  : 'ps7_post_config' command is executed.
10:19:40 INFO  : Context for processor 'ps7_cortexa9_0' is selected.
10:19:40 INFO  : The application 'D:/All/Software/ZZ-Hardware/80-Vivado/01-PROJECT/002_GPIO_Generator/GPIO_Generate.sdk/gpio/Debug/gpio.elf' is downloaded to processor 'ps7_cortexa9_0'.
10:19:40 INFO  : 'configparams force-mem-access 0' command is executed.
10:19:40 INFO  : ----------------XSDB Script----------------
connect -url tcp:127.0.0.1:3121
source D:/All/Software/ZZ-Hardware/80-Vivado/01-PROJECT/002_GPIO_Generator/GPIO_Generate.sdk/gpio_wrapper_hw_platform_0/ps7_init.tcl
targets -set -nocase -filter {name =~"APU*" && jtag_cable_name =~ "Digilent JTAG-HS2 2102599A2126"} -index 0
rst -system
after 3000
targets -set -filter {jtag_cable_name =~ "Digilent JTAG-HS2 2102599A2126" && level==0} -index 1
fpga -file D:/All/Software/ZZ-Hardware/80-Vivado/01-PROJECT/002_GPIO_Generator/GPIO_Generate.sdk/gpio_wrapper_hw_platform_0/gpio_wrapper.bit
targets -set -nocase -filter {name =~"APU*" && jtag_cable_name =~ "Digilent JTAG-HS2 2102599A2126"} -index 0
loadhw -hw D:/All/Software/ZZ-Hardware/80-Vivado/01-PROJECT/002_GPIO_Generator/GPIO_Generate.sdk/gpio_wrapper_hw_platform_0/system.hdf -mem-ranges [list {0x40000000 0xbfffffff}]
configparams force-mem-access 1
targets -set -nocase -filter {name =~"APU*" && jtag_cable_name =~ "Digilent JTAG-HS2 2102599A2126"} -index 0
ps7_init
ps7_post_config
targets -set -nocase -filter {name =~ "ARM*#0" && jtag_cable_name =~ "Digilent JTAG-HS2 2102599A2126"} -index 0
dow D:/All/Software/ZZ-Hardware/80-Vivado/01-PROJECT/002_GPIO_Generator/GPIO_Generate.sdk/gpio/Debug/gpio.elf
configparams force-mem-access 0
----------------End of Script----------------

10:19:40 INFO  : Memory regions updated for context APU
10:19:40 INFO  : Context for processor 'ps7_cortexa9_0' is selected.
10:19:40 INFO  : 'con' command is executed.
10:19:40 INFO  : ----------------XSDB Script (After Launch)----------------
targets -set -nocase -filter {name =~ "ARM*#0" && jtag_cable_name =~ "Digilent JTAG-HS2 2102599A2126"} -index 0
con
----------------End of Script----------------

10:19:40 INFO  : Launch script is exported to file 'D:\All\Software\ZZ-Hardware\80-Vivado\01-PROJECT\002_GPIO_Generator\GPIO_Generate.sdk\.sdk\launch_scripts\xilinx_c-c++_application_(system_debugger)\system_debugger_on_local.tcl'
10:22:19 INFO  : Disconnected from the channel tcfchan#1.
10:23:24 INFO  : Connected to target on host '127.0.0.1' and port '3121'.
10:23:24 INFO  : Jtag cable 'Digilent JTAG-HS2 2102599A2126' is selected.
10:23:24 INFO  : 'jtag frequency' command is executed.
10:23:24 INFO  : Sourcing of 'D:/All/Software/ZZ-Hardware/80-Vivado/01-PROJECT/002_GPIO_Generator/GPIO_Generate.sdk/gpio_wrapper_hw_platform_0/ps7_init.tcl' is done.
10:23:24 INFO  : Context for 'APU' is selected.
10:23:24 INFO  : System reset is completed.
10:23:27 INFO  : 'after 3000' command is executed.
10:23:27 INFO  : 'targets -set -filter {jtag_cable_name =~ "Digilent JTAG-HS2 2102599A2126" && level==0} -index 1' command is executed.
10:23:31 INFO  : FPGA configured successfully with bitstream "D:/All/Software/ZZ-Hardware/80-Vivado/01-PROJECT/002_GPIO_Generator/GPIO_Generate.sdk/gpio_wrapper_hw_platform_0/gpio_wrapper.bit"
10:23:31 INFO  : Context for 'APU' is selected.
10:23:31 INFO  : Hardware design information is loaded from 'D:/All/Software/ZZ-Hardware/80-Vivado/01-PROJECT/002_GPIO_Generator/GPIO_Generate.sdk/gpio_wrapper_hw_platform_0/system.hdf'.
10:23:31 INFO  : 'configparams force-mem-access 1' command is executed.
10:23:31 INFO  : Context for 'APU' is selected.
10:23:31 INFO  : 'ps7_init' command is executed.
10:23:31 INFO  : 'ps7_post_config' command is executed.
10:23:31 INFO  : Context for processor 'ps7_cortexa9_0' is selected.
10:23:31 INFO  : The application 'D:/All/Software/ZZ-Hardware/80-Vivado/01-PROJECT/002_GPIO_Generator/GPIO_Generate.sdk/gpio/Debug/gpio.elf' is downloaded to processor 'ps7_cortexa9_0'.
10:23:31 INFO  : 'configparams force-mem-access 0' command is executed.
10:23:31 INFO  : ----------------XSDB Script----------------
connect -url tcp:127.0.0.1:3121
source D:/All/Software/ZZ-Hardware/80-Vivado/01-PROJECT/002_GPIO_Generator/GPIO_Generate.sdk/gpio_wrapper_hw_platform_0/ps7_init.tcl
targets -set -nocase -filter {name =~"APU*" && jtag_cable_name =~ "Digilent JTAG-HS2 2102599A2126"} -index 0
rst -system
after 3000
targets -set -filter {jtag_cable_name =~ "Digilent JTAG-HS2 2102599A2126" && level==0} -index 1
fpga -file D:/All/Software/ZZ-Hardware/80-Vivado/01-PROJECT/002_GPIO_Generator/GPIO_Generate.sdk/gpio_wrapper_hw_platform_0/gpio_wrapper.bit
targets -set -nocase -filter {name =~"APU*" && jtag_cable_name =~ "Digilent JTAG-HS2 2102599A2126"} -index 0
loadhw -hw D:/All/Software/ZZ-Hardware/80-Vivado/01-PROJECT/002_GPIO_Generator/GPIO_Generate.sdk/gpio_wrapper_hw_platform_0/system.hdf -mem-ranges [list {0x40000000 0xbfffffff}]
configparams force-mem-access 1
targets -set -nocase -filter {name =~"APU*" && jtag_cable_name =~ "Digilent JTAG-HS2 2102599A2126"} -index 0
ps7_init
ps7_post_config
targets -set -nocase -filter {name =~ "ARM*#0" && jtag_cable_name =~ "Digilent JTAG-HS2 2102599A2126"} -index 0
dow D:/All/Software/ZZ-Hardware/80-Vivado/01-PROJECT/002_GPIO_Generator/GPIO_Generate.sdk/gpio/Debug/gpio.elf
configparams force-mem-access 0
----------------End of Script----------------

10:23:32 INFO  : Memory regions updated for context APU
10:23:32 INFO  : Context for processor 'ps7_cortexa9_0' is selected.
10:23:32 INFO  : 'con' command is executed.
10:23:32 INFO  : ----------------XSDB Script (After Launch)----------------
targets -set -nocase -filter {name =~ "ARM*#0" && jtag_cable_name =~ "Digilent JTAG-HS2 2102599A2126"} -index 0
con
----------------End of Script----------------

10:23:32 INFO  : Launch script is exported to file 'D:\All\Software\ZZ-Hardware\80-Vivado\01-PROJECT\002_GPIO_Generator\GPIO_Generate.sdk\.sdk\launch_scripts\xilinx_c-c++_application_(system_debugger)\system_debugger_on_local.tcl'
10:53:11 INFO  : Disconnected from the channel tcfchan#2.
